[2025-02-26T03:53:31.836Z] Verifing all block and its pricing
[2025-02-26T03:55:22.280Z] Verified that cosmetic checkbox should be checked for AEM tickler
[2025-02-26T05:30:33.298Z] Verifing AEM details are filled successfully
[2025-02-26T05:30:35.824Z] Verifing checkbox status for payment
[2025-02-26T05:31:06.412Z] Click on Adverse Event Management tickler
[2025-02-26T05:31:06.642Z] Selecting block values
[2025-02-26T05:31:06.708Z] Verifing pricing price
[2025-02-26T05:31:11.875Z] Selecting payment mode i.e. Bankwire mode
[2025-02-26T05:31:12.790Z] Verifing invoice details for bankwire
[2025-02-26T05:31:16.218Z] Verifing payment is successfully done for bankwire mode
[2025-02-26T05:31:28.055Z] Verifing AEM details are filled successfully
[2025-02-26T05:31:30.875Z] Verifing checkbox status for payment
[2025-02-26T05:32:13.127Z] Click on Adverse Event Management tickler
[2025-02-26T05:32:45.093Z] Click on Adverse Event Management tickler
[2025-02-26T05:32:45.650Z] Selecting block values
[2025-02-26T05:32:45.868Z] Selecting payment mode i.e. Bankwire mode
[2025-02-26T05:32:54.047Z] Verifing payment is successfully done for bankwire mode
[2025-02-26T05:45:52.582Z] Verifing AEM details are filled successfully
[2025-02-26T05:45:55.227Z] Verifing checkbox status for payment
[2025-02-26T06:00:50.323Z] Verifing all block and its pricing
[2025-02-26T09:54:52.097Z] Verifing all block and its pricing
[2025-02-26T09:55:24.258Z] Verified that cosmetic checkbox should be checked for AEM tickler
[2025-02-26T10:04:48.984Z] Verifing AEM details are filled successfully
[2025-02-26T10:04:51.760Z] Verifing checkbox status for payment
[2025-02-26T10:05:23.361Z] Click on Adverse Event Management tickler
[2025-02-26T10:05:23.766Z] Selecting block values
[2025-02-26T10:05:23.860Z] Verifing pricing price
[2025-02-26T10:05:29.145Z] Selecting payment mode i.e. Bankwire mode
[2025-02-26T10:05:31.245Z] Verifing invoice details for bankwire
[2025-02-26T10:05:36.200Z] Verifing payment is successfully done for bankwire mode
[2025-02-26T10:05:50.499Z] Verifing AEM details are filled successfully
[2025-02-26T10:05:53.732Z] Verifing checkbox status for payment
[2025-02-26T10:07:43.433Z] Verifing AEM details are filled successfully
[2025-02-26T10:07:46.353Z] Verifing checkbox status for payment
[2025-02-26T10:08:14.788Z] Click on Adverse Event Management tickler
[2025-02-26T10:08:15.220Z] Selecting block values
[2025-02-26T10:08:15.329Z] Verifing pricing price
[2025-02-26T10:08:20.604Z] Selecting payment mode i.e. Bankwire mode
[2025-02-26T10:08:21.741Z] Verifing invoice details for bankwire
[2025-02-26T10:08:26.155Z] Verifing payment is successfully done for bankwire mode
[2025-02-26T10:08:41.705Z] Verifing AEM details are filled successfully
[2025-02-26T10:08:45.334Z] Verifing checkbox status for payment
[2025-02-26T10:09:22.719Z] Click on Adverse Event Management tickler
[2025-02-26T10:09:53.738Z] Click on Adverse Event Management tickler
[2025-02-26T10:09:54.517Z] Selecting block values
[2025-02-26T10:09:54.881Z] Selecting payment mode i.e. Bankwire mode
[2025-02-26T10:10:04.610Z] Verifing payment is successfully done for bankwire mode
[2025-02-26T10:48:25.584Z] Verifing AEM details are filled successfully
[2025-02-26T10:48:28.413Z] Verifing checkbox status for payment
[2025-02-26T10:49:01.466Z] Click on Adverse Event Management tickler
[2025-02-26T10:49:01.807Z] Selecting block values
[2025-02-26T10:49:01.908Z] Verifing pricing price
[2025-02-26T10:49:07.137Z] Selecting payment mode i.e. Bankwire mode
[2025-02-26T10:49:14.148Z] Verifing invoice details for bankwire
[2025-02-26T10:49:17.449Z] Verifing payment is successfully done for bankwire mode
[2025-02-26T10:49:31.347Z] Verifing AEM details are filled successfully
[2025-02-26T10:49:34.333Z] Verifing checkbox status for payment
[2025-02-26T10:50:11.572Z] Click on Adverse Event Management tickler
[2025-02-26T10:50:43.156Z] Click on Adverse Event Management tickler
[2025-02-26T10:50:44.235Z] Selecting block values
[2025-02-26T10:50:44.572Z] Selecting payment mode i.e. Bankwire mode
[2025-02-26T10:50:53.019Z] Verifing payment is successfully done for bankwire mode
