[2024-09-17T12:59:06.201Z] Launched Application-->Login Test
[2024-09-17T12:59:30.259Z] Launched Application-->Login Test
[2024-09-17T12:59:50.269Z] Launched Application-->Login Test
[2024-09-17T13:00:08.756Z] Launched Application-->Login Test
[2024-09-17T13:01:11.804Z] Launched Application-->Login Test
[2024-09-17T13:32:57.631Z] Launched Application-->Login Test
[2024-09-17T13:34:16.451Z] Launched Application-->Login Test
[2024-09-17T13:35:56.748Z] Launched Application-->Login Test
[2024-09-17T13:36:41.778Z] Launched Application-->Login Test
[2024-09-17T13:37:29.724Z] Launched Application-->Login Test
[2024-09-18T05:20:29.294Z] Launched Application-->Login Test
[2024-09-18T05:22:48.985Z] Launched Application-->Login Test
[2024-09-18T05:24:04.155Z] Launched Application-->Login Test
[2024-09-18T05:35:28.967Z] Launched Application-->Login Test
[2024-09-18T05:37:23.158Z] Launched Application-->Login Test
[2024-09-18T05:42:34.417Z] Launched Application-->Login Test
[2024-09-18T07:10:19.792Z] Launched Application-->Login Test
[2024-09-18T07:11:53.057Z] Launched Application-->Login Test
[2024-09-18T07:15:15.437Z] Launched Application-->Login Test
[2024-09-18T07:16:51.523Z] Launched Application-->Login Test
[2024-09-18T08:17:50.437Z] Launched Application-->Login Test
[2024-09-18T15:25:46.827Z] Launched Application-->Login Test
[2024-09-19T05:45:30.736Z] Launched Application-->Login Test
[2024-09-19T08:06:46.447Z] Launched Application-->Login Test
[2024-09-19T11:01:20.981Z] Launched Application-->Login Test
[2024-09-19T11:09:22.726Z] Launched Application-->Login Test
[2024-09-20T06:40:07.183Z] Launched Application-->Login Test
[2024-09-23T12:01:10.370Z] Launched Application-->Login Test
[2024-09-23T12:56:23.346Z] Launched Application-->Login Test
[2024-09-24T08:39:15.040Z] Launched Application-->Login Test
[2024-09-24T08:40:05.998Z] Launched Application-->Login Test
[2024-09-24T10:55:22.894Z] Launched Application-->Login Test
[2024-09-24T10:58:39.093Z] Launched Application-->Login Test
[2024-09-24T11:00:18.254Z] Launched Application-->Login Test
[2024-09-24T11:01:27.474Z] Launched Application-->Login Test
[2024-09-24T12:47:04.146Z] Launched Application-->Login Test
[2024-09-25T08:26:46.299Z] Launched Application-->Login Test
[2024-09-25T08:32:58.224Z] Launched Application-->Login Test
[2024-09-25T08:33:13.055Z] Launched Application-->Login Test
[2024-09-25T08:41:21.570Z] Launched Application-->Login Test
[2024-09-25T08:45:19.445Z] Launched Application-->Login Test
[2024-09-25T08:46:19.388Z] Launched Application-->Login Test
[2024-09-26T05:58:47.298Z] Launched Application-->Login Test
[2024-09-26T07:50:29.607Z] Launched Application-->Login Test
[2024-09-26T07:51:09.837Z] Launched Application-->Login Test
[2024-09-26T07:51:22.750Z] Validated success Login Msg-->Login Test
[2024-09-26T07:51:22.826Z] Redirecting to cosmetic menu to verify edit functionality
[2024-09-26T07:52:00.910Z] Launched Application-->Login Test
[2024-09-26T07:52:07.263Z] Validated success Login Msg-->Login Test
[2024-09-26T07:52:07.307Z] Redirecting to cosmetic menu to verify edit functionality
[2024-09-26T07:53:26.307Z] Launched Application-->Login Test
[2024-09-26T07:53:36.228Z] Validated success Login Msg-->Login Test
[2024-09-26T07:53:36.283Z] Redirecting to cosmetic menu to verify edit functionality
[2024-09-26T08:01:29.095Z] Launched Application-->Login Test
[2024-09-26T08:01:37.709Z] Validated success Login Msg-->Login Test
[2024-09-26T08:01:37.791Z] Redirecting to cosmetic menu to verify edit functionality
[2024-09-26T08:02:41.264Z] Launched Application-->Login Test
[2024-09-26T08:02:48.254Z] Validated success Login Msg-->Login Test
[2024-09-26T08:02:48.319Z] Redirecting to cosmetic menu to verify edit functionality
[2024-09-26T09:34:08.505Z] Launched Application-->Login Test
[2024-09-26T09:42:10.535Z] Launched Application-->Login Test
[2024-09-26T09:42:19.800Z] Validated success Login Msg-->Login Test
[2024-09-26T09:42:19.829Z] Redirecting to cosmetic menu to verify edit functionality
[2024-09-26T10:19:39.793Z] Launched Application-->Login Test
[2024-09-26T10:19:56.901Z] Validated success Login Msg-->Login Test
[2024-09-26T10:19:56.933Z] Redirecting to cosmetic menu to verify edit functionality
[2024-09-26T10:21:38.033Z] Launched Application-->Login Test
[2024-09-26T10:21:43.482Z] Validated success Login Msg-->Login Test
[2024-09-26T10:21:43.517Z] Redirecting to cosmetic menu to verify edit functionality
[2024-09-26T10:24:09.770Z] Launched Application-->Login Test
[2024-09-26T10:32:17.450Z] Launched Application-->Login Test
[2024-09-26T10:32:24.149Z] Validated success Login Msg-->Login Test
[2024-09-26T10:32:24.179Z] Redirecting to cosmetic menu to verify edit functionality
[2024-09-26T10:32:56.949Z] performance
[2024-09-26T10:34:38.441Z] Launched Application-->Login Test
[2024-09-26T10:34:48.666Z] Validated success Login Msg-->Login Test
[2024-09-26T10:34:48.687Z] Redirecting to cosmetic menu to verify edit functionality
[2024-09-26T10:35:20.238Z] performance
[2024-09-26T10:38:35.774Z] Launched Application-->Login Test
[2024-09-26T10:39:58.752Z] Launched Application-->Login Test
[2024-09-26T10:40:08.075Z] Validated success Login Msg-->Login Test
[2024-09-26T10:40:08.096Z] Redirecting to cosmetic menu to verify edit functionality
[2024-09-26T11:25:26.641Z] Launched Application-->Login Test
[2024-09-26T11:25:37.783Z] Validated success Login Msg-->Login Test
[2024-09-26T11:25:37.803Z] Redirecting to cosmetic menu to verify edit functionality
[2024-09-26T11:27:30.342Z] Launched Application-->Login Test
[2024-09-26T11:28:05.090Z] Launched Application-->Login Test
[2024-09-26T11:28:10.527Z] Validated success Login Msg-->Login Test
[2024-09-26T11:28:10.574Z] Redirecting to cosmetic menu to verify edit functionality
[2024-09-26T11:28:43.153Z] performance
[2024-09-26T11:36:53.021Z] Launched Application-->Login Test
[2024-09-26T11:37:09.868Z] Validated success Login Msg-->Login Test
[2024-09-26T11:37:09.888Z] Redirecting to cosmetic menu to verify edit functionality
[2024-09-26T11:37:47.490Z] performance
[2024-09-26T11:40:32.636Z] Launched Application-->Login Test
[2024-09-26T11:40:46.239Z] Validated success Login Msg-->Login Test
[2024-09-26T11:40:46.289Z] Redirecting to cosmetic menu to verify edit functionality
[2024-09-26T11:41:16.951Z] performance
[2024-09-26T11:43:43.958Z] Launched Application-->Login Test
[2024-09-26T11:43:53.094Z] Validated success Login Msg-->Login Test
[2024-09-26T11:43:53.118Z] Redirecting to cosmetic menu to verify edit functionality
[2024-09-26T11:44:25.803Z] performance
[2024-09-26T11:46:11.728Z] Launched Application-->Login Test
[2024-09-26T11:47:27.210Z] Launched Application-->Login Test
[2024-09-26T12:55:12.190Z] Launched Application-->Login Test
[2024-09-27T06:26:35.310Z] Launched Application-->Login Test
[2024-09-27T07:49:24.511Z] Launched Application-->Login Test
[2024-09-27T09:27:20.945Z] Launched Application-->Login Test
[2024-09-27T09:27:30.314Z] Validated success Login Msg-->Login Test
[2024-09-27T09:27:30.329Z] Redirecting to cosmetic menu to verify edit functionality
[2024-09-27T09:28:44.557Z] Launched Application-->Login Test
[2024-09-27T09:28:50.629Z] Validated success Login Msg-->Login Test
[2024-09-27T09:28:50.653Z] Redirecting to cosmetic menu to verify edit functionality
[2024-09-27T09:29:25.897Z] performance
[2024-09-27T09:37:36.599Z] Launched Application-->Login Test
[2024-09-27T09:37:45.068Z] Validated success Login Msg-->Login Test
[2024-09-27T09:37:45.089Z] Redirecting to cosmetic menu to verify edit functionality
[2024-09-27T09:41:05.892Z] Launched Application-->Login Test
[2024-09-27T09:41:13.848Z] Validated success Login Msg-->Login Test
[2024-09-27T09:41:13.868Z] Redirecting to cosmetic menu to verify edit functionality
[2024-09-27T09:42:23.429Z] Launched Application-->Login Test
[2024-09-27T09:42:32.331Z] Validated success Login Msg-->Login Test
[2024-09-27T09:42:32.350Z] Redirecting to cosmetic menu to verify edit functionality
[2024-09-27T09:43:30.590Z] performance
[2024-09-27T09:46:11.357Z] Launched Application-->Login Test
[2024-09-27T09:46:19.337Z] Validated success Login Msg-->Login Test
[2024-09-27T09:46:19.366Z] Redirecting to cosmetic menu to verify edit functionality
[2024-09-27T09:46:54.144Z] performance
[2024-09-27T11:14:51.542Z] Launched Application-->Login Test
[2024-09-27T11:14:59.615Z] Validated success Login Msg-->Login Test
[2024-09-27T11:14:59.637Z] Redirecting to cosmetic menu to verify edit functionality
[2024-09-27T11:15:36.881Z] performance
[2024-09-27T12:35:40.843Z] Launched Application-->Login Test
[2024-09-27T12:35:52.800Z] Validated success Login Msg-->Login Test
[2024-09-27T12:35:52.816Z] Redirecting to cosmetic menu to verify edit functionality
[2024-09-30T03:53:03.858Z] Launched Application-->Login Test
[2024-09-30T04:18:05.345Z] Launched Application-->Login Test
[2024-09-30T04:26:31.002Z] Launched Application-->Login Test
[2024-09-30T05:13:21.835Z] Launched Application-->Login Test
[2024-09-30T13:47:09.405Z] Launched Application-->Login Test
[2024-09-30T13:52:50.308Z] Launched Application-->Login Test
[2024-10-01T06:03:47.383Z] Launched Application-->Login Test
[2024-10-01T06:17:08.964Z] Launched Application-->Login Test
[2024-10-01T07:34:41.556Z] Launched Application-->Login Test
[2024-10-01T07:37:03.256Z] Launched Application-->Login Test
[2024-10-01T07:37:15.596Z] Validated success Login Msg-->Login Test
[2024-10-01T07:37:15.625Z] Redirecting to cosmetic menu to verify edit functionality
[2024-10-01T07:39:43.383Z] Launched Application-->Login Test
[2024-10-01T07:41:07.144Z] Launched Application-->Login Test
[2024-10-01T09:20:36.632Z] Launched Application-->Login Test
[2024-10-01T09:20:49.042Z] Validated success Login Msg-->Login Test
[2024-10-01T09:20:49.072Z] Redirecting to cosmetic menu to verify edit functionality
[2024-10-01T09:21:26.020Z] performance
[2024-10-01T11:11:08.203Z] Launched Application-->Login Test
[2024-10-01T11:11:21.233Z] Validated success Login Msg-->Login Test
[2024-10-01T11:11:21.272Z] Redirecting to cosmetic menu to verify edit functionality
[2024-10-01T11:11:57.586Z] performance
[2024-10-01T11:15:36.126Z] Launched Application-->Login Test
[2024-10-01T11:16:35.572Z] Launched Application-->Login Test
[2024-10-01T13:25:35.934Z] Launched Application-->Login Test
[2024-10-01T13:25:44.722Z] Validated success Login Msg-->Login Test
[2024-10-01T13:25:44.748Z] Redirecting to cosmetic menu to verify edit functionality
[2024-10-01T13:38:02.306Z] Launched Application-->Login Test
[2024-10-01T13:40:01.552Z] Launched Application-->Login Test
[2024-10-01T13:43:49.412Z] Launched Application-->Login Test
[2024-10-01T13:43:59.683Z] Validated success Login Msg-->Login Test
[2024-10-01T13:43:59.702Z] Redirecting to cosmetic menu to verify edit functionality
[2024-10-01T13:44:36.012Z] performance
[2024-10-15T07:41:27.531Z] Launched Application-->Login Test
[2024-10-15T07:43:03.035Z] Launched Application-->Login Test
[2024-10-15T07:44:37.125Z] Launched Application-->Login Test
[2024-10-15T07:45:22.803Z] Launched Application-->Login Test
[2024-10-15T07:47:08.977Z] Launched Application-->Login Test
[2024-10-15T07:47:20.622Z] Launched Application-->Login Test
[2024-10-15T07:50:26.014Z] Launched Application-->Login Test
[2024-10-15T07:54:52.542Z] Launched Application-->Login Test
[2024-10-15T07:55:34.772Z] Launched Application-->Login Test
[2024-10-15T08:04:27.131Z] Launched Application-->Login Test
[2024-10-15T08:06:50.751Z] Launched Application-->Login Test
[2024-10-15T08:08:38.454Z] Launched Application-->Login Test
[2024-10-15T08:09:39.188Z] Launched Application-->Login Test
[2024-10-15T08:10:12.634Z] Launched Application-->Login Test
[2024-10-15T08:10:22.524Z] Launched Application-->Login Test
[2024-10-15T08:10:59.012Z] Launched Application-->Login Test
[2024-10-15T08:11:56.889Z] Launched Application-->Login Test
[2024-10-15T08:12:40.928Z] Launched Application-->Login Test
[2024-10-15T08:14:35.387Z] Launched Application-->Login Test
[2024-10-15T08:14:49.769Z] Launched Application-->Login Test
[2024-10-15T08:16:56.469Z] Launched Application-->Login Test
[2024-10-15T08:17:55.821Z] Launched Application-->Login Test
[2024-10-15T08:21:27.081Z] Launched Application-->Login Test
[2024-10-15T08:21:59.562Z] Launched Application-->Login Test
[2024-10-15T08:23:43.257Z] Launched Application-->Login Test
[2024-10-15T08:34:38.970Z] Launched Application-->Login Test
[2024-10-15T08:35:39.171Z] Launched Application-->Login Test
[2024-10-15T08:36:01.901Z] Validated success Login Msg-->Login Test
[2024-10-15T08:36:01.926Z] Redirecting to cosmetic menu to verify edit functionality
[2024-10-15T08:53:43.523Z] Launched Application-->Login Test
[2024-10-15T10:12:15.427Z] Launched Application-->Login Test
[2024-10-15T10:13:53.768Z] Launched Application-->Login Test
[2024-10-15T10:16:19.356Z] Launched Application-->Login Test
[2024-10-15T10:16:35.821Z] Validated success Login Msg-->Login Test
[2024-10-15T10:16:35.903Z] Redirecting to cosmetic menu to verify edit functionality
[2024-10-15T10:18:06.888Z] Launched Application-->Login Test
[2024-10-15T10:18:24.090Z] Validated success Login Msg-->Login Test
[2024-10-15T10:18:24.125Z] Redirecting to cosmetic menu to verify edit functionality
[2024-10-17T05:12:35.857Z] performance
[2024-10-17T06:21:42.742Z] performance
[2024-10-17T07:03:17.978Z] performance
[2024-10-17T07:20:13.582Z] performance
[2024-10-17T07:21:44.008Z] performance
[2024-10-17T07:22:31.310Z] performance
[2024-10-17T07:29:44.496Z] performance
[2024-10-17T07:35:14.896Z] Launched Application-->Login Test
[2024-10-17T07:35:30.606Z] Validated success Login Msg-->Login Test
[2024-10-17T07:35:30.641Z] Redirecting to cosmetic menu to verify edit functionality
[2024-10-17T07:36:52.411Z] Launched Application-->Login Test
[2024-10-17T07:37:12.264Z] Validated success Login Msg-->Login Test
[2024-10-17T07:37:12.278Z] Redirecting to cosmetic menu to verify edit functionality
[2024-10-17T07:37:44.156Z] performance
[2024-10-17T07:42:58.853Z] performance
[2024-10-17T11:16:17.146Z] performance
[2024-10-17T11:17:18.663Z] Launched Application-->Login Test
[2024-10-17T11:17:42.737Z] Validated success Login Msg-->Login Test
[2024-10-17T11:17:42.796Z] Redirecting to cosmetic menu to verify edit functionality
[2024-10-17T11:18:12.974Z] performance
[2024-10-17T12:20:02.115Z] performance
[2024-10-17T12:22:26.636Z] Launched Application-->Login Test
[2024-10-17T12:22:43.029Z] Validated success Login Msg-->Login Test
[2024-10-17T12:22:43.082Z] Redirecting to cosmetic menu to verify edit functionality
[2024-10-18T05:04:49.735Z] Launched Application-->Login Test
[2024-10-18T05:05:10.390Z] Validated success Login Msg-->Login Test
[2024-10-18T05:05:10.426Z] Redirecting to cosmetic menu to verify edit functionality
[2024-10-18T06:08:07.057Z] Launched Application-->Login Test
[2024-10-18T06:08:22.905Z] Validated success Login Msg-->Login Test
[2024-10-18T06:08:22.915Z] Redirecting to cosmetic menu to verify edit functionality
[2024-10-18T08:12:12.532Z] Launched Application-->Login Test
[2024-10-18T08:12:27.663Z] Validated success Login Msg-->Login Test
[2024-10-18T08:12:27.993Z] Redirecting to cosmetic menu to verify edit functionality
[2024-10-18T08:15:06.365Z] Launched Application-->Login Test
[2024-10-18T08:15:32.234Z] Validated success Login Msg-->Login Test
[2024-10-18T08:15:32.569Z] Redirecting to cosmetic menu to verify edit functionality
[2024-10-18T08:44:09.299Z] Launched Application-->Login Test
[2024-10-18T08:44:25.312Z] Validated success Login Msg-->Login Test
[2024-10-18T08:44:25.357Z] Redirecting to cosmetic menu to verify edit functionality
[2024-10-18T11:36:45.512Z] performance
[2024-10-18T12:55:40.172Z] performance
[2024-10-18T12:57:10.590Z] performance
[2024-10-18T12:58:38.789Z] performance
[2024-10-21T11:01:32.852Z] performance
[2024-10-21T11:26:48.394Z] Launched Application-->Login Test
[2024-10-22T05:09:09.027Z] Launched Application-->Login Test
[2024-10-22T05:09:24.124Z] Validated success Login Msg-->Login Test
[2024-10-22T05:09:24.461Z] Redirecting to cosmetic menu to verify edit functionality
[2024-10-22T05:09:48.776Z] Launched Application-->Login Test
[2024-10-22T05:10:08.490Z] Validated success Login Msg-->Login Test
[2024-10-22T05:10:08.534Z] Redirecting to cosmetic menu to verify edit functionality
[2024-10-22T05:17:25.925Z] performance
[2024-10-22T05:20:08.759Z] performance
[2024-10-22T05:20:17.621Z] Launched Application-->Login Test
[2024-10-22T05:20:37.139Z] Validated success Login Msg-->Login Test
[2024-10-22T05:20:37.176Z] Redirecting to cosmetic menu to verify edit functionality
[2024-10-22T05:41:08.156Z] Launched Application-->Login Test
[2024-10-22T05:41:23.156Z] Validated success Login Msg-->Login Test
[2024-10-22T05:41:23.169Z] Redirecting to cosmetic menu to verify edit functionality
[2024-10-22T05:52:58.875Z] Launched Application-->Login Test
[2024-10-22T05:53:14.089Z] Validated success Login Msg-->Login Test
[2024-10-22T05:53:14.100Z] Redirecting to cosmetic menu to verify edit functionality
[2024-10-22T05:53:48.742Z] Launched Application-->Login Test
[2024-10-22T05:54:03.937Z] Validated success Login Msg-->Login Test
[2024-10-22T05:54:04.262Z] Redirecting to cosmetic menu to verify edit functionality
[2024-10-22T05:56:05.889Z] Launched Application-->Login Test
[2024-10-22T05:56:21.425Z] Validated success Login Msg-->Login Test
[2024-10-22T05:56:21.446Z] Redirecting to cosmetic menu to verify edit functionality
[2024-10-22T05:56:56.863Z] Launched Application-->Login Test
[2024-10-22T05:57:12.237Z] Validated success Login Msg-->Login Test
[2024-10-22T05:57:12.574Z] Redirecting to cosmetic menu to verify edit functionality
[2024-10-22T06:36:04.389Z] Launched Application-->Login Test
[2024-10-22T06:36:19.991Z] Validated success Login Msg-->Login Test
[2024-10-22T06:36:20.013Z] Redirecting to cosmetic menu to verify edit functionality
[2024-10-22T06:37:15.298Z] Launched Application-->Login Test
[2024-10-22T06:37:31.072Z] Validated success Login Msg-->Login Test
[2024-10-22T06:37:31.092Z] Redirecting to cosmetic menu to verify edit functionality
[2024-10-22T06:38:26.174Z] Launched Application-->Login Test
[2024-10-22T06:38:42.180Z] Validated success Login Msg-->Login Test
[2024-10-22T06:38:42.201Z] Redirecting to cosmetic menu to verify edit functionality
[2024-10-22T06:39:20.248Z] Launched Application-->Login Test
[2024-10-22T06:39:36.157Z] Validated success Login Msg-->Login Test
[2024-10-22T06:39:36.483Z] Redirecting to cosmetic menu to verify edit functionality
[2024-10-22T07:00:58.573Z] Launched Application-->Login Test
[2024-10-22T07:01:14.184Z] Validated success Login Msg-->Login Test
[2024-10-22T07:01:14.198Z] Redirecting to cosmetic menu to verify edit functionality
[2024-10-22T07:02:08.946Z] Launched Application-->Login Test
[2024-10-22T07:02:24.695Z] Validated success Login Msg-->Login Test
[2024-10-22T07:02:24.715Z] Redirecting to cosmetic menu to verify edit functionality
[2024-10-22T07:03:18.986Z] Launched Application-->Login Test
[2024-10-22T07:03:34.979Z] Validated success Login Msg-->Login Test
[2024-10-22T07:03:35.000Z] Redirecting to cosmetic menu to verify edit functionality
[2024-10-22T07:04:15.038Z] Launched Application-->Login Test
[2024-10-22T07:04:30.876Z] Validated success Login Msg-->Login Test
[2024-10-22T07:04:31.205Z] Redirecting to cosmetic menu to verify edit functionality
[2024-10-22T10:26:51.882Z] Launched Application-->Login Test
[2024-10-22T10:27:08.722Z] Validated success Login Msg-->Login Test
[2024-10-22T10:27:09.055Z] Redirecting to cosmetic menu to verify edit functionality
[2024-10-22T10:28:03.468Z] Launched Application-->Login Test
[2024-10-22T10:28:19.048Z] Validated success Login Msg-->Login Test
[2024-10-22T10:28:19.182Z] Redirecting to cosmetic menu to verify edit functionality
[2024-10-22T10:29:15.071Z] Launched Application-->Login Test
[2024-10-22T10:29:30.720Z] Validated success Login Msg-->Login Test
[2024-10-22T10:29:31.000Z] Redirecting to cosmetic menu to verify edit functionality
[2024-10-22T10:30:09.718Z] Launched Application-->Login Test
[2024-10-22T10:30:25.247Z] Validated success Login Msg-->Login Test
[2024-10-22T10:30:25.345Z] Redirecting to cosmetic menu to verify edit functionality
[2024-10-22T11:58:37.297Z] Launched Application-->Login Test
[2024-10-22T11:58:56.564Z] Validated success Login Msg-->Login Test
[2024-10-22T11:58:56.904Z] Redirecting to cosmetic menu to verify edit functionality
[2024-10-22T12:00:34.756Z] Launched Application-->Login Test
[2024-10-22T12:00:50.436Z] Validated success Login Msg-->Login Test
[2024-10-22T12:00:50.465Z] Redirecting to cosmetic menu to verify edit functionality
[2024-10-22T13:14:36.258Z] Launched Application-->Login Test
[2024-10-22T13:14:52.432Z] Validated success Login Msg-->Login Test
[2024-10-22T13:14:52.448Z] Redirecting to cosmetic menu to verify edit functionality
[2024-10-22T13:16:51.244Z] Launched Application-->Login Test
[2024-10-22T13:17:07.056Z] Validated success Login Msg-->Login Test
[2024-10-22T13:17:07.074Z] Redirecting to cosmetic menu to verify edit functionality
[2024-10-22T13:19:41.327Z] Launched Application-->Login Test
[2024-10-22T13:19:57.236Z] Validated success Login Msg-->Login Test
[2024-10-22T13:19:57.252Z] Redirecting to cosmetic menu to verify edit functionality
[2024-10-23T05:49:17.283Z] Launched Application-->Login Test
[2024-10-23T05:49:36.455Z] Validated success Login Msg-->Login Test
[2024-10-23T05:49:36.784Z] Redirecting to cosmetic menu to verify edit functionality
[2024-10-23T07:12:23.285Z] Launched Application-->Login Test
[2024-10-23T07:12:45.403Z] Validated success Login Msg-->Login Test
[2024-10-23T07:12:45.438Z] Redirecting to cosmetic menu to verify edit functionality
[2024-10-23T07:31:00.070Z] Launched Application-->Login Test
[2024-10-23T07:31:15.183Z] Validated success Login Msg-->Login Test
[2024-10-23T07:31:15.223Z] Redirecting to cosmetic menu to verify edit functionality
[2024-10-23T07:31:49.664Z] Launched Application-->Login Test
[2024-10-23T07:32:05.467Z] Validated success Login Msg-->Login Test
[2024-10-23T07:32:05.506Z] Redirecting to cosmetic menu to verify edit functionality
[2024-10-23T10:45:24.621Z] performance
[2024-10-23T10:50:29.237Z] Launched Application-->Login Test
[2024-10-23T10:50:44.888Z] Validated success Login Msg-->Login Test
[2024-10-23T10:50:44.901Z] Redirecting to cosmetic menu to verify edit functionality
[2024-10-23T11:00:10.871Z] Launched Application-->Login Test
[2024-10-23T11:00:26.329Z] Validated success Login Msg-->Login Test
[2024-10-23T11:00:26.394Z] Redirecting to cosmetic menu to verify edit functionality
[2024-10-23T11:01:40.284Z] Launched Application-->Login Test
[2024-10-23T11:01:55.617Z] Validated success Login Msg-->Login Test
[2024-10-23T11:01:55.663Z] Redirecting to cosmetic menu to verify edit functionality
[2024-10-23T11:16:26.202Z] Launched Application-->Login Test
[2024-10-23T11:16:42.123Z] Validated success Login Msg-->Login Test
[2024-10-23T11:16:42.167Z] Redirecting to cosmetic menu to verify edit functionality
[2024-10-23T11:18:38.482Z] Launched Application-->Login Test
[2024-10-23T11:18:54.271Z] Validated success Login Msg-->Login Test
[2024-10-23T11:18:54.317Z] Redirecting to cosmetic menu to verify edit functionality
[2024-10-23T11:20:05.503Z] Launched Application-->Login Test
[2024-10-23T11:20:21.196Z] Validated success Login Msg-->Login Test
[2024-10-23T11:20:21.227Z] Redirecting to cosmetic menu to verify edit functionality
[2024-10-23T11:23:16.726Z] Launched Application-->Login Test
[2024-10-23T11:23:32.435Z] Validated success Login Msg-->Login Test
[2024-10-23T11:23:32.467Z] Redirecting to cosmetic menu to verify edit functionality
[2024-10-23T11:24:54.564Z] Launched Application-->Login Test
[2024-10-23T11:25:10.400Z] Validated success Login Msg-->Login Test
[2024-10-23T11:25:10.443Z] Redirecting to cosmetic menu to verify edit functionality
[2024-10-23T11:27:32.949Z] Launched Application-->Login Test
[2024-10-23T11:28:10.332Z] Launched Application-->Login Test
[2024-10-23T11:28:26.084Z] Validated success Login Msg-->Login Test
[2024-10-23T11:28:26.125Z] Redirecting to cosmetic menu to verify edit functionality
[2024-10-24T06:06:25.937Z] Launched Application-->Login Test
[2024-10-24T06:06:44.292Z] Validated success Login Msg-->Login Test
[2024-10-24T06:06:44.324Z] Redirecting to cosmetic menu to verify edit functionality
[2024-10-24T06:28:12.010Z] Launched Application-->Login Test
[2024-10-24T06:28:31.682Z] Validated success Login Msg-->Login Test
[2024-10-24T06:28:31.709Z] Redirecting to cosmetic menu to verify edit functionality
[2024-10-24T06:39:01.480Z] Launched Application-->Login Test
[2024-10-24T06:39:17.276Z] Validated success Login Msg-->Login Test
[2024-10-24T06:39:17.332Z] Redirecting to cosmetic menu to verify edit functionality
[2024-10-24T06:47:38.600Z] Launched Application-->Login Test
[2024-10-24T06:47:53.592Z] Validated success Login Msg-->Login Test
[2024-10-24T06:47:53.604Z] Redirecting to cosmetic menu to verify edit functionality
[2024-10-24T06:48:31.869Z] Launched Application-->Login Test
[2024-10-24T06:48:48.011Z] Validated success Login Msg-->Login Test
[2024-10-24T06:48:48.048Z] Redirecting to cosmetic menu to verify edit functionality
[2024-10-24T09:11:48.445Z] Launched Application-->Login Test
[2024-10-24T09:12:58.475Z] Validated success Login Msg-->Login Test
[2024-10-24T09:12:58.804Z] Redirecting to cosmetic menu to verify edit functionality
[2024-10-28T02:51:21.112Z] Launched application --> SignUp Test
[2024-10-28T02:52:18.829Z] Launched application --> SignUp Test
[2024-10-28T02:52:31.164Z] Launched application --> SignUp Test
[2024-10-28T02:53:10.173Z] Launched application --> SignUp Test
[2024-10-28T02:55:52.033Z] Launched application --> SignUp Test
[2024-10-28T02:56:42.028Z] Launched application --> SignUp Test
[2024-10-28T03:20:26.727Z] Launched application --> SignUp Test
[2024-10-28T03:21:16.339Z] Launched application --> SignUp Test
[2024-10-28T03:23:25.389Z] Launched application --> SignUp Test
[2024-10-28T03:24:30.099Z] Launched application --> SignUp Test
[2024-10-28T03:24:40.755Z] Launched application --> SignUp Test
[2024-10-28T05:44:46.304Z] Launched Application-->Login Test
[2024-10-28T05:46:01.891Z] Launched Application-->Login Test
[2024-10-28T05:47:34.717Z] Launched Application-->Login Test
[2024-10-28T05:54:41.981Z] Launched Application-->Login Test
[2024-10-28T06:17:20.501Z] Launched Application-->Login Test
[2024-10-28T06:24:26.927Z] Launched Application-->Login Test
[2024-10-28T06:24:42.550Z] Validated success Login Msg-->Login Test
[2024-10-28T06:24:42.594Z] Redirecting to cosmetic menu to verify edit functionality
[2024-10-28T06:36:24.895Z] performance
[2024-10-28T06:38:18.541Z] Launched Application-->Login Test
[2024-10-28T06:38:34.192Z] Validated success Login Msg-->Login Test
[2024-10-28T06:38:34.219Z] Redirecting to cosmetic menu to verify edit functionality
[2024-10-28T06:39:27.289Z] performance
[2024-10-28T07:24:44.773Z] Launched Application-->Login Test
[2024-10-28T07:27:38.596Z] Launched Application-->Login Test
[2024-10-28T07:29:02.907Z] Launched Application-->Login Test
[2024-10-28T07:29:02.962Z] Launched Application-->Login Test
[2024-10-28T07:29:18.013Z] Validated success Login Msg-->Login Test
[2024-10-28T07:29:18.114Z] Redirecting to cosmetic menu to verify edit functionality
[2024-10-28T07:34:39.560Z] Launched Application-->Login Test
[2024-10-28T07:34:39.612Z] Launched Application-->Login Test
[2024-10-28T07:34:59.180Z] Validated success Login Msg-->Login Test
[2024-10-28T07:34:59.221Z] Redirecting to cosmetic menu to verify edit functionality
[2024-10-28T07:39:44.725Z] Launched Application-->Login Test
[2024-10-28T07:39:44.778Z] Launched Application-->Login Test
[2024-10-28T07:40:00.987Z] Validated success Login Msg-->Login Test
[2024-10-28T07:40:01.323Z] Redirecting to cosmetic menu to verify edit functionality
[2024-10-28T07:43:06.471Z] Launched Application-->Login Test
[2024-10-28T07:43:06.536Z] Launched Application-->Login Test
[2024-10-28T07:43:22.306Z] Redirecting to cosmetic menu to verify edit functionality
[2024-10-28T07:44:24.292Z] Launched Application-->Login Test
[2024-10-28T07:44:24.357Z] Launched Application-->Login Test
[2024-10-28T07:44:39.313Z] Redirecting to cosmetic menu to verify edit functionality
[2024-10-28T07:45:58.938Z] Launched Application-->Login Test
[2024-10-28T07:45:58.997Z] Launched Application-->Login Test
[2024-10-28T07:46:14.060Z] Validated success Login Msg-->Login Test
[2024-10-28T07:46:14.111Z] Redirecting to cosmetic menu to verify edit functionality
[2024-10-28T08:03:55.691Z] Launched Application-->Login Test
[2024-10-28T08:03:55.771Z] Launched Application-->Login Test
[2024-10-28T08:04:12.032Z] Redirecting to cosmetic menu to verify edit functionality
[2024-10-28T08:05:46.334Z] performance
[2024-10-28T08:20:36.471Z] Launched Application-->Login Test
[2024-10-28T08:32:48.877Z] Launched Application-->Login Test
[2024-10-28T08:38:00.697Z] Launched Application-->Login Test
[2024-10-28T08:38:55.821Z] Launched Application-->Login Test
[2024-10-28T08:38:55.869Z] Launched Application-->Login Test
[2024-10-28T08:39:45.465Z] Launched Application-->Login Test
[2024-10-28T08:39:46.128Z] Launched Application-->Login Test
[2024-10-28T08:40:01.743Z] Validated success Login Msg-->Login Test
[2024-10-28T08:40:01.769Z] Redirecting to cosmetic menu to verify edit functionality
[2024-10-28T08:41:38.838Z] Launched Application-->Login Test
[2024-10-28T08:42:19.535Z] Launched Application-->Login Test
[2024-10-28T08:42:43.474Z] Launched Application-->Login Test
[2024-10-28T08:42:56.339Z] Launched Application-->Login Test
[2024-10-29T11:29:10.475Z] Validated success Login Msg-->Login Test
[2024-10-29T11:35:23.144Z] Launched Application-->Login Test
[2024-10-29T11:35:24.246Z] Validated success Login Msg-->Login Test
[2024-10-29T11:37:16.869Z] Launched Application-->Login Test
[2024-10-29T11:37:18.589Z] Validated success Login Msg-->Login Test
[2024-10-29T11:38:10.904Z] Validated success Login Msg-->Login Test
[2024-10-29T11:39:16.183Z] Launched Application-->Login Test
[2024-10-29T11:39:17.795Z] Validated success Login Msg-->Login Test
[2024-10-29T11:39:52.656Z] Validated success Login Msg-->Login Test
[2024-10-29T11:41:01.225Z] Launched Application-->Login Test
[2024-10-29T11:41:02.855Z] Validated success Login Msg-->Login Test
[2024-10-29T11:41:39.140Z] Validated success Login Msg-->Login Test
[2024-10-29T11:46:48.743Z] Validated success Login Msg-->Login Test
[2024-10-29T11:49:26.837Z] Validated success Login Msg-->Login Test
[2024-10-29T11:51:40.619Z] Validated success Login Msg-->Login Test
[2024-10-29T12:50:18.658Z] Launched application --> SignUp Test
[2024-10-29T12:51:32.915Z] Launched application --> SignUp Test
[2024-10-29T12:56:03.653Z] Launched application --> SignUp Test
[2024-10-29T12:57:07.390Z] Launched application --> SignUp Test
[2024-10-29T12:58:43.130Z] Launched application --> SignUp Test
[2024-10-29T12:59:15.151Z] Validated success Login Msg-->Login Test
[2024-10-29T12:59:16.787Z] Launched application --> SignUp Test
[2024-10-29T13:01:54.230Z] Launched Application-->Login Test
[2024-10-29T13:02:12.372Z] Validated success Login Msg-->Login Test
[2024-10-29T13:02:12.421Z] Verified Home Icon
[2024-10-29T13:02:12.545Z] Verified Home Page Icons
[2024-10-29T13:02:14.603Z] Verified My Account Icon
[2024-10-29T13:02:16.097Z] Verified Sign Out Icon
[2024-10-29T13:03:20.252Z] Launched Application-->Login Test
[2024-10-29T13:03:36.760Z] Validated success Login Msg-->Login Test
[2024-10-29T13:07:19.288Z] Launched Application-->Login Test
[2024-10-29T13:07:33.319Z] Validated success Login Msg-->Login Test
[2024-10-29T13:07:34.008Z] Verified Home Icon
[2024-10-29T13:09:35.455Z] Launched Application-->Login Test
[2024-10-29T13:09:49.797Z] Validated success Login Msg-->Login Test
[2024-10-29T13:09:50.465Z] Verified Home Icon
[2024-10-29T13:12:23.722Z] Launched Application-->Login Test
[2024-10-29T13:12:52.266Z] Validated success Login Msg-->Login Test
[2024-10-29T13:12:52.975Z] Verified Home Icon
[2024-10-29T13:14:16.811Z] Launched Application-->Login Test
[2024-10-29T13:14:30.139Z] Validated success Login Msg-->Login Test
[2024-10-29T13:14:30.837Z] Verified Home Icon
[2024-10-29T13:14:55.395Z] Launched Application-->Login Test
[2024-10-29T13:15:20.231Z] Launched Application-->Login Test
[2024-10-29T13:15:54.200Z] Launched Application-->Login Test
[2024-10-29T13:16:15.955Z] Validated success Login Msg-->Login Test
[2024-10-29T13:16:16.660Z] Verified Home Icon
[2024-10-29T13:19:01.951Z] Launched Application-->Login Test
[2024-10-29T13:19:15.813Z] Validated success Login Msg-->Login Test
[2024-10-29T13:19:16.503Z] Verified Home Icon
[2024-10-29T13:19:21.178Z] Verified Home Icon
[2024-10-29T13:19:34.155Z] Launched Application-->Login Test
[2024-10-29T13:21:24.098Z] Validated success Login Msg-->Login Test
[2024-10-29T13:22:47.965Z] Validated success Login Msg-->Login Test
[2024-10-29T13:23:28.067Z] Validated success Login Msg-->Login Test
[2024-10-29T13:25:56.740Z] Validated success Login Msg-->Login Test
[2024-10-29T13:26:58.858Z] Validated success Login Msg-->Login Test
[2024-10-29T13:30:41.133Z] Validated success Login Msg-->Login Test
[2024-10-29T13:31:09.248Z] Validated success Login Msg-->Login Test
[2024-10-29T13:38:20.005Z] Validated success Login Msg-->Login Test
[2024-10-29T13:38:58.802Z] Validated success Login Msg-->Login Test
[2024-10-29T13:41:26.122Z] Validated success Login Msg-->Login Test
[2024-10-29T13:41:57.653Z] Validated success Login Msg-->Login Test
[2024-10-29T13:44:19.965Z] Validated success Login Msg-->Login Test
[2024-10-29T13:44:58.320Z] Validated success Login Msg-->Login Test
[2024-10-29T13:47:11.476Z] Validated success Login Msg-->Login Test
[2024-10-29T13:47:59.445Z] Validated success Login Msg-->Login Test
[2024-10-29T13:48:49.487Z] Validated success Login Msg-->Login Test
[2024-10-29T13:51:08.864Z] Launched Application-->Login Test
[2024-10-29T13:51:09.911Z] Validated success Login Msg-->Login Test
[2024-10-29T13:52:07.713Z] Validated success Login Msg-->Login Test
[2024-10-29T13:52:09.078Z] Launched Application-->Login Test
[2024-10-29T13:52:10.187Z] Validated success Login Msg-->Login Test
[2024-10-29T13:52:46.749Z] Validated success Login Msg-->Login Test
[2024-10-29T13:54:37.884Z] Launched Application-->Login Test
[2024-10-29T13:56:15.453Z] Validated success Login Msg-->Login Test
[2024-10-29T13:59:30.889Z] Validated success Login Msg-->Login Test
[2024-10-29T14:00:30.310Z] Validated success Login Msg-->Login Test
[2024-10-29T14:03:05.006Z] Validated success Login Msg-->Login Test
[2024-10-29T14:04:33.154Z] Validated success Login Msg-->Login Test
[2024-10-29T14:05:01.003Z] Validated success Login Msg-->Login Test
[2024-10-30T05:56:14.768Z] Launched Application-->Login Test
[2024-10-30T05:56:47.229Z] Validated success Login Msg-->Login Test
[2024-10-30T05:56:47.692Z] Verified Home Icon
[2024-10-30T05:56:52.509Z] Verified Home Icon
[2024-10-30T06:00:22.006Z] Validated success Login Msg-->Login Test
[2024-10-30T06:01:14.857Z] Validated success Login Msg-->Login Test
[2024-10-30T06:09:55.965Z] Validated success Login Msg-->Login Test
[2024-10-30T06:10:41.392Z] Validated success Login Msg-->Login Test
[2024-10-30T06:12:23.344Z] Validated success Login Msg-->Login Test
[2024-10-30T06:12:48.954Z] Validated success Login Msg-->Login Test
[2024-10-30T06:17:23.652Z] Validated success Login Msg-->Login Test
[2024-10-30T06:17:50.768Z] Validated success Login Msg-->Login Test
[2024-10-30T06:22:24.643Z] Validated success Login Msg-->Login Test
[2024-10-30T06:22:50.858Z] Validated success Login Msg-->Login Test
[2024-10-30T06:41:13.820Z] Validated success Login Msg-->Login Test
[2024-10-30T06:41:39.562Z] Validated success Login Msg-->Login Test
[2024-10-30T06:44:26.675Z] Validated success Login Msg-->Login Test
[2024-10-30T06:44:51.459Z] Validated success Login Msg-->Login Test
[2024-10-30T06:51:19.203Z] Validated success Login Msg-->Login Test
[2024-10-30T06:51:44.071Z] Validated success Login Msg-->Login Test
[2024-10-30T07:05:16.233Z] Validated success Login Msg-->Login Test
[2024-10-30T07:05:54.947Z] Validated success Login Msg-->Login Test
[2024-10-30T07:20:24.581Z] Validated success Login Msg-->Login Test
[2024-10-30T07:20:53.550Z] Validated success Login Msg-->Login Test
[2024-10-30T07:24:49.300Z] Validated success Login Msg-->Login Test
[2024-10-30T07:25:33.389Z] Validated success Login Msg-->Login Test
[2024-10-30T07:26:41.563Z] Validated success Login Msg-->Login Test
[2024-10-30T07:27:27.400Z] Validated success Login Msg-->Login Test
[2024-10-30T07:29:29.183Z] Validated success Login Msg-->Login Test
[2024-10-30T07:31:07.716Z] Validated success Login Msg-->Login Test
[2024-10-30T07:32:12.610Z] Validated success Login Msg-->Login Test
[2024-10-30T07:37:29.330Z] Validated success Login Msg-->Login Test
[2024-10-30T07:41:19.776Z] Validated success Login Msg-->Login Test
[2024-10-30T07:43:03.663Z] Validated success Login Msg-->Login Test
[2024-10-30T07:46:10.026Z] Validated success Login Msg-->Login Test
[2024-10-30T08:42:26.650Z] Validated success Login Msg-->Login Test
[2024-10-30T08:43:28.514Z] Validated success Login Msg-->Login Test
[2024-10-30T08:44:51.493Z] Launched Application-->Login Test
[2024-10-30T08:44:52.535Z] Validated success Login Msg-->Login Test
[2024-10-30T08:47:10.523Z] Launched Application-->Login Test
[2024-10-30T08:47:11.880Z] Validated success Login Msg-->Login Test
[2024-10-30T08:47:52.719Z] Validated success Login Msg-->Login Test
[2024-10-30T08:47:54.323Z] Launched Application-->Login Test
[2024-10-30T08:47:55.798Z] Validated success Login Msg-->Login Test
[2024-10-30T08:48:37.549Z] Validated success Login Msg-->Login Test
[2024-10-30T08:50:33.171Z] Launched Application-->Login Test
[2024-10-30T08:50:34.642Z] Validated success Login Msg-->Login Test
[2024-10-30T08:51:13.931Z] Validated success Login Msg-->Login Test
[2024-10-30T08:51:15.899Z] Launched Application-->Login Test
[2024-10-30T08:51:17.377Z] Validated success Login Msg-->Login Test
[2024-10-30T08:51:59.465Z] Validated success Login Msg-->Login Test
[2024-10-30T08:55:05.323Z] Validated success Login Msg-->Login Test
[2024-10-30T08:57:00.295Z] Validated success Login Msg-->Login Test
[2024-10-30T08:59:25.184Z] Validated success Login Msg-->Login Test
[2024-10-30T09:05:32.354Z] Validated success Login Msg-->Login Test
[2024-10-30T09:06:59.386Z] Validated success Login Msg-->Login Test
[2024-10-30T09:10:34.893Z] Validated success Login Msg-->Login Test
[2024-10-30T09:11:34.887Z] Validated success Login Msg-->Login Test
[2024-10-30T09:12:21.679Z] Launched Application-->Login Test
[2024-10-30T09:12:22.717Z] Validated success Login Msg-->Login Test
[2024-10-30T09:14:33.310Z] Launched Application-->Login Test
[2024-10-30T09:14:34.855Z] Validated success Login Msg-->Login Test
[2024-10-30T09:15:54.667Z] Launched Application-->Login Test
[2024-10-30T09:15:56.354Z] Validated success Login Msg-->Login Test
[2024-10-30T09:16:18.818Z] Launched Application-->Login Test
[2024-10-30T09:16:20.266Z] Validated success Login Msg-->Login Test
[2024-10-30T09:17:31.501Z] Launched Application-->Login Test
[2024-10-30T09:17:32.571Z] Validated success Login Msg-->Login Test
[2024-10-30T09:17:54.275Z] Launched Application-->Login Test
[2024-10-30T09:17:56.119Z] Validated success Login Msg-->Login Test
[2024-10-30T09:21:45.777Z] Launched Application-->Login Test
[2024-10-30T09:21:47.139Z] Validated success Login Msg-->Login Test
[2024-10-30T09:22:07.938Z] Launched Application-->Login Test
[2024-10-30T09:22:08.965Z] Validated success Login Msg-->Login Test
[2024-10-30T09:35:20.399Z] Validated success Login Msg-->Login Test
[2024-10-30T09:36:22.870Z] Validated success Login Msg-->Login Test
[2024-10-30T09:38:44.564Z] Validated success Login Msg-->Login Test
[2024-10-30T09:39:45.234Z] Validated success Login Msg-->Login Test
[2024-10-30T10:17:35.629Z] Validated success Login Msg-->Login Test
[2024-10-30T10:23:17.084Z] Validated success Login Msg-->Login Test
[2024-10-30T10:24:18.327Z] Validated success Login Msg-->Login Test
[2024-10-30T10:25:16.531Z] Validated success Login Msg-->Login Test
[2024-10-30T10:26:15.249Z] Validated success Login Msg-->Login Test
[2024-10-30T10:27:05.697Z] Validated success Login Msg-->Login Test
[2024-11-05T06:31:49.513Z] Validated success Login Msg-->Login Test
[2024-11-06T07:23:09.574Z] Launched Application-->Login Test
[2024-11-06T07:23:11.064Z] Validated success Login Msg-->Login Test
[2024-11-06T07:28:59.802Z] Launched Application-->Login Test
[2024-11-06T07:29:01.384Z] Validated success Login Msg-->Login Test
[2024-11-06T07:34:11.489Z] Launched Application-->Login Test
[2024-11-06T07:34:12.955Z] Validated success Login Msg-->Login Test
[2024-11-06T07:40:19.439Z] Launched Application-->Login Test
[2024-11-06T07:40:20.471Z] Validated success Login Msg-->Login Test
[2024-11-06T07:40:40.086Z] Launched Application-->Login Test
[2024-11-06T07:40:41.482Z] Validated success Login Msg-->Login Test
[2024-11-06T07:59:15.768Z] Launched Application-->Login Test
[2024-11-06T07:59:17.375Z] Validated success Login Msg-->Login Test
[2024-11-06T13:08:21.527Z] Launched Application-->Login Test
[2024-11-06T13:08:22.591Z] Validated success Login Msg-->Login Test
[2024-11-06T13:08:51.279Z] Launched Application-->Login Test
[2024-11-06T13:08:52.316Z] Validated success Login Msg-->Login Test
[2024-11-06T13:13:02.001Z] Launched Application-->Login Test
[2024-11-06T13:13:03.486Z] Validated success Login Msg-->Login Test
[2024-11-06T13:13:53.383Z] Launched Application-->Login Test
[2024-11-06T13:13:54.876Z] Validated success Login Msg-->Login Test
[2024-11-06T13:14:17.722Z] Launched Application-->Login Test
[2024-11-06T13:14:19.098Z] Validated success Login Msg-->Login Test
[2024-11-06T13:15:09.407Z] Launched Application-->Login Test
[2024-11-06T13:15:10.766Z] Validated success Login Msg-->Login Test
[2024-11-06T13:18:13.491Z] Launched Application-->Login Test
[2024-11-06T13:18:15.023Z] Validated success Login Msg-->Login Test
[2024-11-06T13:19:18.123Z] Launched Application-->Login Test
[2024-11-06T13:19:19.566Z] Validated success Login Msg-->Login Test
[2024-11-06T13:20:45.911Z] Launched Application-->Login Test
[2024-11-06T13:20:47.427Z] Validated success Login Msg-->Login Test
[2024-11-06T13:21:12.638Z] Launched Application-->Login Test
[2024-11-06T13:21:14.147Z] Validated success Login Msg-->Login Test
[2024-11-06T13:22:09.514Z] Launched Application-->Login Test
[2024-11-06T13:22:10.991Z] Validated success Login Msg-->Login Test
[2024-11-06T13:25:13.675Z] Launched Application-->Login Test
[2024-11-06T13:25:15.137Z] Validated success Login Msg-->Login Test
[2024-11-06T13:25:43.262Z] Launched Application-->Login Test
[2024-11-06T13:25:44.527Z] Validated success Login Msg-->Login Test
[2024-11-06T13:28:40.868Z] Launched Application-->Login Test
[2024-11-06T13:28:42.343Z] Validated success Login Msg-->Login Test
[2024-11-06T13:29:54.752Z] Launched Application-->Login Test
[2024-11-06T13:29:56.144Z] Validated success Login Msg-->Login Test
[2024-11-06T13:31:30.668Z] Launched Application-->Login Test
[2024-11-06T13:31:31.977Z] Validated success Login Msg-->Login Test
[2024-11-06T13:33:06.944Z] Launched Application-->Login Test
[2024-11-06T13:33:30.261Z] Launched Application-->Login Test
[2024-11-06T13:33:31.288Z] Validated success Login Msg-->Login Test
[2024-11-06T13:35:41.943Z] Launched Application-->Login Test
[2024-11-06T13:35:43.315Z] Validated success Login Msg-->Login Test
[2024-11-06T13:38:14.356Z] Launched Application-->Login Test
[2024-11-06T13:38:15.731Z] Validated success Login Msg-->Login Test
[2024-11-06T13:38:32.294Z] Launched Application-->Login Test
[2024-11-06T13:38:33.604Z] Validated success Login Msg-->Login Test
[2024-11-06T13:40:05.925Z] Launched Application-->Login Test
[2024-11-06T13:40:07.299Z] Validated success Login Msg-->Login Test
[2024-11-06T13:44:13.410Z] Launched Application-->Login Test
[2024-11-06T13:44:14.942Z] Validated success Login Msg-->Login Test
[2024-11-06T13:45:51.833Z] Launched Application-->Login Test
[2024-11-06T13:45:53.483Z] Validated success Login Msg-->Login Test
[2024-11-06T13:50:24.196Z] Launched Application-->Login Test
[2024-11-06T13:50:25.686Z] Validated success Login Msg-->Login Test
[2024-11-06T13:51:17.364Z] Launched Application-->Login Test
[2024-11-06T13:51:19.065Z] Validated success Login Msg-->Login Test
[2024-11-06T13:52:13.798Z] Launched Application-->Login Test
[2024-11-06T13:52:15.504Z] Validated success Login Msg-->Login Test
[2024-11-06T13:53:09.943Z] Launched Application-->Login Test
[2024-11-06T13:53:11.037Z] Validated success Login Msg-->Login Test
[2024-11-06T13:54:53.916Z] Launched Application-->Login Test
[2024-11-06T13:54:55.493Z] Validated success Login Msg-->Login Test
[2024-11-06T13:56:15.379Z] Launched Application-->Login Test
[2024-11-06T13:56:16.955Z] Validated success Login Msg-->Login Test
[2024-11-06T13:56:48.412Z] Launched Application-->Login Test
[2024-11-06T13:56:49.821Z] Validated success Login Msg-->Login Test
[2024-11-06T13:57:16.314Z] Launched Application-->Login Test
[2024-11-06T13:57:17.755Z] Validated success Login Msg-->Login Test
[2024-11-06T13:58:20.034Z] Launched Application-->Login Test
[2024-11-06T13:58:21.491Z] Validated success Login Msg-->Login Test
[2024-11-06T14:28:51.962Z] Launched Application-->Login Test
[2024-11-06T14:28:53.005Z] Validated success Login Msg-->Login Test
[2024-11-06T16:08:34.408Z] Launched Application-->Login Test
[2024-11-06T16:08:35.458Z] Validated success Login Msg-->Login Test
[2024-11-06T16:10:48.568Z] Launched Application-->Login Test
[2024-11-06T16:10:50.243Z] Validated success Login Msg-->Login Test
[2024-11-06T16:12:43.740Z] Launched Application-->Login Test
[2024-11-06T16:12:45.244Z] Validated success Login Msg-->Login Test
[2024-11-06T16:15:34.236Z] Launched Application-->Login Test
[2024-11-06T16:15:35.764Z] Validated success Login Msg-->Login Test
[2024-11-06T16:17:33.153Z] Launched Application-->Login Test
[2024-11-06T16:17:34.706Z] Validated success Login Msg-->Login Test
[2024-11-06T16:17:37.149Z] Launched Application-->Login Test
[2024-11-06T16:17:38.479Z] Validated success Login Msg-->Login Test
[2024-11-06T16:32:17.200Z] Launched Application-->Login Test
[2024-11-06T16:32:18.275Z] Validated success Login Msg-->Login Test
[2024-11-06T16:33:23.912Z] Launched Application-->Login Test
[2024-11-06T16:33:24.953Z] Validated success Login Msg-->Login Test
[2024-11-06T16:34:18.361Z] Launched Application-->Login Test
[2024-11-06T16:34:19.432Z] Validated success Login Msg-->Login Test
[2024-11-06T16:39:18.253Z] Launched Application-->Login Test
[2024-11-06T16:39:19.868Z] Validated success Login Msg-->Login Test
[2024-11-06T16:39:38.135Z] Launched Application-->Login Test
[2024-11-06T16:39:39.696Z] Validated success Login Msg-->Login Test
[2024-11-06T16:40:35.669Z] Launched Application-->Login Test
[2024-11-06T16:40:36.714Z] Validated success Login Msg-->Login Test
[2024-11-06T16:45:52.090Z] Launched Application-->Login Test
[2024-11-06T16:45:53.557Z] Validated success Login Msg-->Login Test
[2024-11-06T16:48:42.639Z] Launched Application-->Login Test
[2024-11-06T16:48:44.322Z] Validated success Login Msg-->Login Test
[2024-11-06T16:49:00.468Z] Launched Application-->Login Test
[2024-11-06T16:49:01.787Z] Validated success Login Msg-->Login Test
[2024-11-06T16:51:45.215Z] Launched Application-->Login Test
[2024-11-06T16:51:47.079Z] Validated success Login Msg-->Login Test
[2024-11-06T16:53:58.774Z] Launched Application-->Login Test
[2024-11-06T16:54:00.522Z] Validated success Login Msg-->Login Test
[2024-11-06T16:56:08.080Z] Launched Application-->Login Test
[2024-11-06T16:56:10.025Z] Validated success Login Msg-->Login Test
[2024-11-06T17:00:18.679Z] Launched Application-->Login Test
[2024-11-06T17:00:19.770Z] Validated success Login Msg-->Login Test
[2024-11-06T17:00:28.657Z] Launched Application-->Login Test
[2024-11-06T17:00:30.215Z] Validated success Login Msg-->Login Test
[2024-11-06T17:01:02.242Z] Launched Application-->Login Test
[2024-11-06T17:01:04.026Z] Validated success Login Msg-->Login Test
[2024-11-06T17:02:08.052Z] Launched Application-->Login Test
[2024-11-06T17:02:09.853Z] Validated success Login Msg-->Login Test
[2024-11-06T17:02:15.825Z] Launched Application-->Login Test
[2024-11-06T17:02:17.240Z] Validated success Login Msg-->Login Test
[2024-11-06T17:05:49.786Z] Launched Application-->Login Test
[2024-11-06T17:05:51.345Z] Validated success Login Msg-->Login Test
[2024-11-06T17:05:59.100Z] Launched Application-->Login Test
[2024-11-06T17:06:00.490Z] Validated success Login Msg-->Login Test
[2024-11-06T17:06:06.037Z] Launched Application-->Login Test
[2024-11-06T17:06:07.446Z] Validated success Login Msg-->Login Test
[2024-11-06T17:07:05.604Z] Launched Application-->Login Test
[2024-11-06T17:07:06.659Z] Validated success Login Msg-->Login Test
[2024-11-06T17:08:12.866Z] Launched Application-->Login Test
[2024-11-06T17:08:14.709Z] Validated success Login Msg-->Login Test
[2024-11-06T17:08:19.749Z] Launched Application-->Login Test
[2024-11-06T17:08:21.129Z] Validated success Login Msg-->Login Test
[2024-11-06T17:37:55.822Z] Launched Application-->Login Test
[2024-11-06T17:37:56.866Z] Validated success Login Msg-->Login Test
[2024-11-06T17:38:10.551Z] Launched Application-->Login Test
[2024-11-06T17:38:12.375Z] Validated success Login Msg-->Login Test
[2024-11-06T18:06:23.848Z] Launched Application-->Login Test
[2024-11-06T18:06:25.353Z] Validated success Login Msg-->Login Test
[2024-11-06T18:08:12.904Z] Launched Application-->Login Test
[2024-11-06T18:08:13.955Z] Validated success Login Msg-->Login Test
[2024-11-06T18:08:32.588Z] Launched Application-->Login Test
[2024-11-06T18:08:33.896Z] Validated success Login Msg-->Login Test
[2024-11-06T18:10:22.533Z] Launched Application-->Login Test
[2024-11-06T18:10:24.267Z] Validated success Login Msg-->Login Test
[2024-11-06T18:11:29.527Z] Launched Application-->Login Test
[2024-11-06T18:11:30.595Z] Validated success Login Msg-->Login Test
[2024-11-06T18:19:07.444Z] Launched Application-->Login Test
[2024-11-06T18:19:09.071Z] Validated success Login Msg-->Login Test
[2024-11-06T18:20:44.393Z] Launched Application-->Login Test
[2024-11-06T18:20:46.141Z] Validated success Login Msg-->Login Test
[2024-11-06T18:22:33.183Z] Launched Application-->Login Test
[2024-11-06T18:22:35.036Z] Validated success Login Msg-->Login Test
[2024-11-06T18:24:19.251Z] Launched Application-->Login Test
[2024-11-06T18:24:20.825Z] Validated success Login Msg-->Login Test
[2024-11-06T18:25:27.942Z] Launched Application-->Login Test
[2024-11-06T18:25:29.008Z] Validated success Login Msg-->Login Test
[2024-11-06T18:26:41.791Z] Launched Application-->Login Test
[2024-11-06T18:26:42.836Z] Validated success Login Msg-->Login Test
[2024-11-06T18:27:53.484Z] Launched Application-->Login Test
[2024-11-06T18:27:54.539Z] Validated success Login Msg-->Login Test
[2024-11-06T18:28:51.319Z] Launched Application-->Login Test
[2024-11-06T18:28:52.371Z] Validated success Login Msg-->Login Test
[2024-11-06T18:38:46.649Z] Launched Application-->Login Test
[2024-11-06T18:38:47.693Z] Validated success Login Msg-->Login Test
[2024-11-06T18:40:00.220Z] Launched Application-->Login Test
[2024-11-06T18:40:01.307Z] Validated success Login Msg-->Login Test
[2024-11-06T18:42:40.279Z] Launched Application-->Login Test
[2024-11-06T18:42:41.520Z] Validated success Login Msg-->Login Test
[2024-11-06T18:45:34.036Z] Launched Application-->Login Test
[2024-11-06T18:45:35.471Z] Validated success Login Msg-->Login Test
[2024-11-06T18:46:33.445Z] Launched Application-->Login Test
[2024-11-06T18:46:34.496Z] Validated success Login Msg-->Login Test
[2024-11-06T18:49:17.408Z] Launched Application-->Login Test
[2024-11-06T18:49:18.882Z] Validated success Login Msg-->Login Test
[2024-11-07T07:04:17.749Z] Launched Application-->Login Test
[2024-11-07T07:04:18.801Z] Validated success Login Msg-->Login Test
[2024-11-07T07:05:21.862Z] Launched Application-->Login Test
[2024-11-07T07:05:22.889Z] Validated success Login Msg-->Login Test
[2024-11-07T07:56:40.228Z] Launched Application-->Login Test
[2024-11-07T07:56:41.291Z] Validated success Login Msg-->Login Test
[2024-11-07T08:00:40.833Z] Launched Application-->Login Test
[2024-11-07T08:00:42.181Z] Validated success Login Msg-->Login Test
[2024-11-07T08:01:29.815Z] Launched Application-->Login Test
[2024-11-07T08:01:30.845Z] Validated success Login Msg-->Login Test
[2024-11-07T08:02:49.462Z] Launched Application-->Login Test
[2024-11-07T08:02:50.508Z] Validated success Login Msg-->Login Test
[2024-11-07T08:04:57.810Z] Launched Application-->Login Test
[2024-11-07T08:04:59.268Z] Validated success Login Msg-->Login Test
[2024-11-07T08:06:21.944Z] Launched Application-->Login Test
[2024-11-07T08:06:22.992Z] Validated success Login Msg-->Login Test
[2024-11-07T09:40:26.296Z] Launched Application-->Login Test
[2024-11-07T09:40:27.405Z] Validated success Login Msg-->Login Test
[2024-11-07T09:40:45.371Z] Launched Application-->Login Test
[2024-11-07T09:40:46.402Z] Validated success Login Msg-->Login Test
[2024-11-07T09:46:41.959Z] Launched Application-->Login Test
[2024-11-07T09:46:43.032Z] Validated success Login Msg-->Login Test
[2024-11-07T09:47:49.321Z] Launched Application-->Login Test
[2024-11-07T09:47:50.747Z] Validated success Login Msg-->Login Test
[2024-11-07T09:50:05.145Z] Launched Application-->Login Test
[2024-11-07T09:50:08.074Z] Validated success Login Msg-->Login Test
[2024-11-07T09:53:05.626Z] Launched Application-->Login Test
[2024-11-07T09:53:07.460Z] Validated success Login Msg-->Login Test
[2024-11-07T09:53:11.200Z] Launched Application-->Login Test
[2024-11-07T09:53:12.702Z] Validated success Login Msg-->Login Test
[2024-11-07T09:53:41.387Z] Launched Application-->Login Test
[2024-11-07T09:53:42.668Z] Validated success Login Msg-->Login Test
[2024-11-07T09:55:50.268Z] Launched Application-->Login Test
[2024-11-07T09:55:51.721Z] Validated success Login Msg-->Login Test
[2024-11-07T10:04:57.313Z] Launched Application-->Login Test
[2024-11-07T10:04:58.830Z] Validated success Login Msg-->Login Test
[2024-11-07T10:05:16.097Z] Launched Application-->Login Test
[2024-11-07T10:05:17.583Z] Validated success Login Msg-->Login Test
[2024-11-07T10:05:34.805Z] Launched Application-->Login Test
[2024-11-07T10:05:36.184Z] Validated success Login Msg-->Login Test
[2024-11-07T10:26:19.958Z] Launched Application-->Login Test
[2024-11-07T10:26:21.619Z] Validated success Login Msg-->Login Test
[2024-11-07T10:32:43.147Z] Launched Application-->Login Test
[2024-11-07T10:32:44.703Z] Validated success Login Msg-->Login Test
[2024-11-07T10:33:00.585Z] Launched Application-->Login Test
[2024-11-07T10:33:02.622Z] Validated success Login Msg-->Login Test
[2024-11-07T10:37:57.501Z] Launched Application-->Login Test
[2024-11-07T10:37:58.993Z] Validated success Login Msg-->Login Test
[2024-11-07T10:39:59.909Z] Launched Application-->Login Test
[2024-11-07T10:40:01.426Z] Validated success Login Msg-->Login Test
[2024-11-07T10:41:34.742Z] Launched Application-->Login Test
[2024-11-07T10:41:35.820Z] Validated success Login Msg-->Login Test
[2024-11-07T10:42:34.266Z] Launched Application-->Login Test
[2024-11-07T10:42:35.325Z] Validated success Login Msg-->Login Test
[2024-11-07T10:42:47.618Z] Launched Application-->Login Test
[2024-11-07T10:42:48.659Z] Validated success Login Msg-->Login Test
[2024-11-07T11:05:48.885Z] Launched Application-->Login Test
[2024-11-07T11:05:49.963Z] Validated success Login Msg-->Login Test
[2024-11-07T11:07:36.481Z] Launched Application-->Login Test
[2024-11-07T11:07:37.553Z] Validated success Login Msg-->Login Test
[2024-11-07T11:09:45.891Z] Launched Application-->Login Test
[2024-11-07T11:09:47.696Z] Validated success Login Msg-->Login Test
[2024-11-07T13:24:21.661Z] Launched Application-->Login Test
[2024-11-07T13:24:22.728Z] Validated success Login Msg-->Login Test
[2024-11-07T13:29:53.554Z] Launched Application-->Login Test
[2024-11-07T13:29:54.931Z] Validated success Login Msg-->Login Test
[2024-11-07T13:32:26.194Z] Launched Application-->Login Test
[2024-11-07T13:32:27.736Z] Validated success Login Msg-->Login Test
[2024-11-07T13:33:51.818Z] Launched Application-->Login Test
[2024-11-07T13:33:53.747Z] Validated success Login Msg-->Login Test
[2024-11-07T13:34:51.751Z] Launched Application-->Login Test
[2024-11-07T13:34:53.473Z] Validated success Login Msg-->Login Test
[2024-11-07T13:43:21.869Z] Launched Application-->Login Test
[2024-11-07T13:43:21.943Z] Launched Application-->Login Test
[2024-11-07T13:43:45.830Z] Validated success Login Msg-->Login Test
[2024-11-07T13:43:45.884Z] Redirecting to cosmetic menu to verify edit functionality
[2024-11-07T13:45:53.396Z] Launched Application-->Login Test
[2024-11-07T13:45:54.496Z] Validated success Login Msg-->Login Test
[2024-11-07T13:47:53.951Z] Launched Application-->Login Test
[2024-11-07T13:47:55.252Z] Validated success Login Msg-->Login Test
[2024-11-07T13:50:40.376Z] Launched Application-->Login Test
[2024-11-07T13:50:41.979Z] Validated success Login Msg-->Login Test
[2024-11-07T13:52:22.112Z] Launched Application-->Login Test
[2024-11-07T13:52:23.182Z] Validated success Login Msg-->Login Test
[2024-11-07T13:54:07.509Z] Launched Application-->Login Test
[2024-11-07T13:54:08.577Z] Validated success Login Msg-->Login Test
[2024-11-11T07:15:42.531Z] Validated success Login Msg-->Login Test
[2024-11-11T07:16:44.673Z] Validated success Login Msg-->Login Test
[2024-11-11T07:22:13.298Z] Validated success Login Msg-->Login Test
[2024-11-11T07:23:44.409Z] Validated success Login Msg-->Login Test
[2024-11-11T07:28:21.319Z] Validated success Login Msg-->Login Test
[2024-11-11T07:31:08.982Z] Validated success Login Msg-->Login Test
[2024-11-11T07:33:51.505Z] Validated success Login Msg-->Login Test
[2024-11-11T07:37:11.625Z] Validated success Login Msg-->Login Test
[2024-11-11T07:41:35.039Z] Validated success Login Msg-->Login Test
[2024-11-11T07:45:41.283Z] Validated success Login Msg-->Login Test
[2024-11-11T07:48:11.318Z] Validated success Login Msg-->Login Test
[2024-11-11T07:52:15.726Z] Validated success Login Msg-->Login Test
[2024-11-11T07:55:12.748Z] Validated success Login Msg-->Login Test
[2024-11-11T08:03:57.642Z] Validated success Login Msg-->Login Test
[2024-11-11T08:09:42.194Z] Validated success Login Msg-->Login Test
[2024-11-11T08:11:26.497Z] Validated success Login Msg-->Login Test
[2024-11-11T13:37:03.874Z] Validated success Login Msg-->Login Test
[2024-11-11T13:41:52.723Z] Validated success Login Msg-->Login Test
[2024-11-12T05:56:46.961Z] Validated success Login Msg-->Login Test
[2024-11-12T05:57:39.416Z] Validated success Login Msg-->Login Test
[2024-11-12T07:14:15.521Z] Validated success Login Msg-->Login Test
[2024-11-12T09:47:48.904Z] Validated success Login Msg-->Login Test
[2024-11-12T09:49:41.595Z] Validated success Login Msg-->Login Test
[2024-11-12T09:56:33.314Z] Validated success Login Msg-->Login Test
[2024-11-12T09:59:07.271Z] Validated success Login Msg-->Login Test
[2024-11-12T10:01:08.089Z] Validated success Login Msg-->Login Test
[2024-11-12T10:05:32.546Z] Validated success Login Msg-->Login Test
[2024-11-12T10:07:04.922Z] Validated success Login Msg-->Login Test
[2024-11-12T10:14:18.143Z] Validated success Login Msg-->Login Test
[2024-11-13T05:52:05.208Z] Validated success Login Msg-->Login Test
[2024-11-13T05:59:27.312Z] Validated success Login Msg-->Login Test
[2024-11-13T06:18:24.647Z] Validated success Login Msg-->Login Test
[2024-11-13T06:36:17.126Z] Validated success Login Msg-->Login Test
[2024-11-13T06:38:43.576Z] Validated success Login Msg-->Login Test
[2024-11-13T06:39:43.339Z] Validated success Login Msg-->Login Test
[2024-11-13T06:51:15.280Z] Validated success Login Msg-->Login Test
[2024-11-13T06:53:33.492Z] Validated success Login Msg-->Login Test
[2024-11-13T06:54:49.922Z] Validated success Login Msg-->Login Test
[2024-11-13T06:57:18.331Z] Validated success Login Msg-->Login Test
[2024-11-13T07:00:18.465Z] Validated success Login Msg-->Login Test
[2024-11-13T07:07:11.549Z] Validated success Login Msg-->Login Test
[2024-11-13T07:08:43.474Z] Validated success Login Msg-->Login Test
[2024-11-13T07:18:36.646Z] Validated success Login Msg-->Login Test
[2024-11-13T07:26:21.975Z] Validated success Login Msg-->Login Test
[2024-11-13T07:28:56.211Z] Validated success Login Msg-->Login Test
[2024-11-13T07:54:43.694Z] Validated success Login Msg-->Login Test
[2024-11-13T07:57:16.604Z] Validated success Login Msg-->Login Test
[2024-11-13T07:59:46.557Z] Validated success Login Msg-->Login Test
[2024-11-13T08:01:35.739Z] Validated success Login Msg-->Login Test
[2024-11-13T08:03:31.096Z] Validated success Login Msg-->Login Test
[2024-11-13T08:05:20.374Z] Validated success Login Msg-->Login Test
[2024-11-13T08:07:20.404Z] Validated success Login Msg-->Login Test
[2024-11-13T08:09:27.199Z] Validated success Login Msg-->Login Test
[2024-11-13T08:12:55.427Z] Validated success Login Msg-->Login Test
[2024-11-13T08:14:04.033Z] Validated success Login Msg-->Login Test
[2024-11-13T08:15:47.159Z] Validated success Login Msg-->Login Test
[2024-11-13T08:18:21.232Z] Validated success Login Msg-->Login Test
[2024-11-13T08:20:37.515Z] Validated success Login Msg-->Login Test
[2024-11-13T08:22:32.344Z] Validated success Login Msg-->Login Test
[2024-11-13T11:43:06.078Z] Validated success Login Msg-->Login Test
[2024-11-13T12:22:23.873Z] Validated success Login Msg-->Login Test
[2024-11-13T12:32:05.666Z] Validated success Login Msg-->Login Test
[2024-11-13T12:33:06.774Z] Validated success Login Msg-->Login Test
[2024-11-13T12:34:11.769Z] Validated success Login Msg-->Login Test
[2024-11-13T12:42:40.989Z] Validated success Login Msg-->Login Test
[2024-11-13T12:50:51.857Z] Validated success Login Msg-->Login Test
[2024-11-13T12:52:36.289Z] Validated success Login Msg-->Login Test
[2024-11-13T12:57:35.164Z] Validated success Login Msg-->Login Test
[2024-11-13T13:02:03.722Z] Validated success Login Msg-->Login Test
[2024-11-13T13:04:19.846Z] Validated success Login Msg-->Login Test
[2024-11-13T13:07:38.439Z] Validated success Login Msg-->Login Test
[2024-11-13T13:10:36.169Z] Validated success Login Msg-->Login Test
[2024-11-13T13:14:20.430Z] Validated success Login Msg-->Login Test
[2024-11-13T13:17:05.540Z] Validated success Login Msg-->Login Test
[2024-11-13T13:19:38.984Z] Validated success Login Msg-->Login Test
[2024-11-13T13:20:56.583Z] Validated success Login Msg-->Login Test
[2024-11-13T13:22:47.183Z] Validated success Login Msg-->Login Test
[2024-11-13T13:31:21.049Z] Validated success Login Msg-->Login Test
[2024-11-13T13:33:20.195Z] Validated success Login Msg-->Login Test
[2024-11-13T13:35:43.097Z] Validated success Login Msg-->Login Test
[2024-11-13T14:13:41.007Z] Validated success Login Msg-->Login Test
[2024-11-13T14:30:43.247Z] Validated success Login Msg-->Login Test
[2024-11-13T15:05:15.228Z] Validated success Login Msg-->Login Test
[2024-11-13T15:07:58.712Z] Launched Application-->Login Test
[2024-11-13T15:07:59.751Z] Validated success Login Msg-->Login Test
[2024-11-13T15:08:11.365Z] Launched Application-->Login Test
[2024-11-13T15:08:13.517Z] Validated success Login Msg-->Login Test
[2024-11-13T15:09:54.515Z] Launched Application-->Login Test
[2024-11-13T15:09:55.552Z] Validated success Login Msg-->Login Test
[2024-11-13T15:12:28.767Z] Launched Application-->Login Test
[2024-11-13T15:12:30.233Z] Validated success Login Msg-->Login Test
[2024-11-13T15:13:23.224Z] Launched Application-->Login Test
[2024-11-13T15:13:24.267Z] Validated success Login Msg-->Login Test
[2024-11-13T15:14:58.089Z] Launched Application-->Login Test
[2024-11-13T15:14:59.128Z] Validated success Login Msg-->Login Test
[2024-11-13T15:17:44.209Z] Launched Application-->Login Test
[2024-11-13T15:17:45.778Z] Validated success Login Msg-->Login Test
[2024-11-13T15:18:40.563Z] Launched Application-->Login Test
[2024-11-13T15:18:41.650Z] Validated success Login Msg-->Login Test
[2024-11-13T15:18:49.414Z] Launched Application-->Login Test
[2024-11-13T15:18:50.996Z] Validated success Login Msg-->Login Test
[2024-11-13T16:06:33.200Z] Validated success Login Msg-->Login Test
[2024-11-14T07:32:28.158Z] Validated success Login Msg-->Login Test
[2024-11-14T07:34:25.919Z] Validated success Login Msg-->Login Test
[2024-11-14T07:36:26.615Z] Validated success Login Msg-->Login Test
[2024-11-14T08:04:10.867Z] Validated success Login Msg-->Login Test
[2024-11-14T08:05:22.673Z] Validated success Login Msg-->Login Test
[2024-11-14T08:09:16.475Z] Validated success Login Msg-->Login Test
[2024-11-14T08:16:51.041Z] Validated success Login Msg-->Login Test
[2024-11-14T08:17:38.975Z] Launched Application-->Login Test
[2024-11-14T08:21:57.506Z] Validated success Login Msg-->Login Test
[2024-11-14T08:22:35.724Z] Launched Application-->Login Test
[2024-11-14T08:25:19.958Z] Validated success Login Msg-->Login Test
[2024-11-14T08:25:58.021Z] Launched Application-->Login Test
[2024-11-14T08:29:56.584Z] Validated success Login Msg-->Login Test
[2024-11-14T08:30:20.474Z] Launched Application-->Login Test
[2024-11-14T08:37:27.633Z] Launched Application-->Login Test
[2024-11-14T08:38:45.804Z] Launched Application-->Login Test
[2024-11-14T08:40:00.605Z] Launched Application-->Login Test
[2024-11-14T08:41:28.822Z] Launched Application-->Login Test
[2024-11-14T08:42:53.848Z] Launched Application-->Login Test
[2024-11-14T08:45:25.267Z] Launched Application-->Login Test
[2024-11-14T08:45:46.990Z] Launched Application-->Login Test
[2024-11-14T08:48:52.417Z] Launched Application-->Login Test
[2024-11-14T08:49:35.459Z] Launched Application-->Login Test
[2024-11-14T08:50:05.195Z] Launched Application-->Login Test
[2024-11-14T08:54:50.393Z] Launched Application-->Login Test
[2024-11-14T08:57:52.909Z] Launched Application-->Login Test
[2024-11-14T08:58:47.132Z] Launched Application-->Login Test
[2024-11-14T09:00:45.046Z] Launched Application-->Login Test
[2024-11-14T09:04:22.896Z] Launched Application-->Login Test
[2024-11-14T09:04:48.174Z] Launched Application-->Login Test
[2024-11-14T09:05:22.857Z] Launched Application-->Login Test
[2024-11-14T09:53:42.093Z] Validated success Login Msg-->Login Test
[2024-11-14T10:06:56.232Z] Validated success Login Msg-->Login Test
[2024-11-14T10:10:40.584Z] Validated success Login Msg-->Login Test
[2024-11-14T10:13:10.329Z] Validated success Login Msg-->Login Test
[2024-11-14T12:08:43.275Z] Validated success Login Msg-->Login Test
[2024-11-14T12:14:48.176Z] Validated success Login Msg-->Login Test
[2024-11-14T12:17:31.535Z] Validated success Login Msg-->Login Test
[2024-11-14T12:17:54.602Z] Launched Application-->Login Test
[2024-11-14T12:19:26.661Z] Validated success Login Msg-->Login Test
[2024-11-14T12:19:37.325Z] Launched Application-->Login Test
[2024-11-14T12:22:12.021Z] Validated success Login Msg-->Login Test
[2024-11-14T12:22:22.483Z] Launched Application-->Login Test
[2024-11-14T12:46:29.491Z] Validated success Login Msg-->Login Test
[2024-11-14T12:46:54.186Z] Launched Application-->Login Test
[2024-11-15T10:13:41.447Z] Validated success Login Msg-->Login Test
[2024-11-15T10:15:25.024Z] Validated success Login Msg-->Login Test
[2024-11-15T10:17:55.390Z] Validated success Login Msg-->Login Test
[2024-11-15T10:18:23.451Z] Launched Application-->Login Test
[2024-11-15T10:19:17.865Z] Validated success Login Msg-->Login Test
[2024-11-15T10:19:28.758Z] Launched Application-->Login Test
[2024-11-15T10:24:31.711Z] Validated success Login Msg-->Login Test
[2024-11-15T10:24:42.515Z] Launched Application-->Login Test
[2024-11-15T10:27:10.500Z] Validated success Login Msg-->Login Test
[2024-11-15T10:27:20.779Z] Launched Application-->Login Test
[2024-11-18T07:47:25.394Z] Validated success Login Msg-->Login Test
[2024-11-18T07:48:10.853Z] Launched Application-->Login Test
[2024-11-18T07:52:39.853Z] Validated success Login Msg-->Login Test
[2024-11-18T07:53:24.564Z] Launched Application-->Login Test
[2024-11-18T07:55:03.181Z] Validated success Login Msg-->Login Test
[2024-11-18T07:55:40.950Z] Launched Application-->Login Test
[2024-11-18T08:00:21.306Z] Validated success Login Msg-->Login Test
[2024-11-18T10:57:27.679Z] Validated success Login Msg-->Login Test
[2024-11-18T10:58:47.565Z] Validated success Login Msg-->Login Test
[2024-11-18T11:00:39.149Z] Validated success Login Msg-->Login Test
[2024-11-18T11:02:02.986Z] Validated success Login Msg-->Login Test
[2024-11-18T11:04:16.180Z] Validated success Login Msg-->Login Test
[2024-11-18T11:04:44.690Z] Validated success Login Msg-->Login Test
[2024-11-18T11:05:08.304Z] Validated success Login Msg-->Login Test
[2024-11-18T11:10:13.772Z] Validated success Login Msg-->Login Test
[2024-11-19T03:10:58.930Z] Validated success Login Msg-->Login Test
[2024-11-19T03:37:44.149Z] Validated success Login Msg-->Login Test
[2024-11-19T03:39:54.923Z] Validated success Login Msg-->Login Test
[2024-11-19T03:42:12.731Z] Validated success Login Msg-->Login Test
[2024-11-19T03:58:08.244Z] Validated success Login Msg-->Login Test
[2024-11-19T03:59:14.754Z] Validated success Login Msg-->Login Test
[2024-11-19T04:18:56.121Z] Validated success Login Msg-->Login Test
[2024-11-19T06:10:37.933Z] Validated success Login Msg-->Login Test
[2024-11-19T06:20:19.594Z] Validated success Login Msg-->Login Test
[2024-11-19T06:24:43.695Z] Validated success Login Msg-->Login Test
[2024-11-19T06:25:48.077Z] Validated success Login Msg-->Login Test
[2024-11-19T06:35:35.957Z] Validated success Login Msg-->Login Test
[2024-11-19T10:11:43.642Z] Validated success Login Msg-->Login Test
[2024-11-19T10:14:39.911Z] Validated success Login Msg-->Login Test
[2024-11-19T10:18:10.772Z] Validated success Login Msg-->Login Test
[2024-11-19T10:26:54.364Z] Validated success Login Msg-->Login Test
[2024-11-19T10:27:33.732Z] Validated success Login Msg-->Login Test
[2024-11-19T10:29:37.817Z] Validated success Login Msg-->Login Test
[2024-11-19T10:41:17.185Z] Validated success Login Msg-->Login Test
[2024-11-19T11:29:05.118Z] Validated success Login Msg-->Login Test
[2024-11-19T11:33:20.377Z] Validated success Login Msg-->Login Test
