[2024-12-02T11:10:50.916Z] Verified upload labels functionality
[2024-12-02T11:10:55.549Z] Verified edit labels functionality
[2024-12-02T11:10:58.355Z] Verified delete labels functionality
[2024-12-10T10:58:33.046Z] Validated general information
[2024-12-10T10:58:38.947Z] Validated business operation qualifier and company functions
[2024-12-11T09:53:19.425Z] Validated general information
[2024-12-11T09:53:25.240Z] Validated business operation qualifier and company functions
[2024-12-11T10:04:37.079Z] Validated general information
[2024-12-11T10:04:43.744Z] Validated business operation qualifier and company functions
[2024-12-11T10:07:03.362Z] Verified upload labels functionality
[2024-12-11T10:07:10.846Z] Verified edit labels functionality
[2024-12-11T10:07:18.080Z] Verified delete labels functionality
[2024-12-16T07:48:13.307Z] Verify drug registration edites records on CD app
[2024-12-16T13:07:11.216Z] Verified upload labels functionality
[2024-12-16T13:07:14.971Z] Verified edit labels functionality
[2024-12-16T13:07:16.842Z] Verified delete labels functionality
[2024-12-16T13:07:51.686Z] Verified upload manual labels functionality
[2024-12-16T13:33:25.148Z] Validated general information
[2024-12-16T13:33:27.632Z] Validated business operation qualifier and company functions
[2024-12-16T13:38:20.065Z] Validated general information
[2024-12-16T13:38:22.444Z] Validated business operation qualifier and company functions
[2024-12-19T03:48:44.790Z] Verified upload labels functionality
[2024-12-19T03:48:48.584Z] Verified edit labels functionality
[2024-12-19T03:48:51.000Z] Verified delete labels functionality
[2024-12-19T03:49:17.006Z] Verified upload manual labels functionality
[2024-12-19T03:57:33.848Z] Verified upload labels functionality
[2024-12-19T03:57:39.060Z] Verified edit labels functionality
[2024-12-19T03:57:42.033Z] Verified delete labels functionality
[2024-12-19T05:51:19.214Z] Verified upload labels functionality
[2024-12-19T05:51:24.654Z] Verified edit labels functionality
[2024-12-19T05:51:27.559Z] Verified delete labels functionality
[2024-12-19T12:55:48.963Z] Validated general information
[2024-12-19T12:55:52.249Z] Validated business operation qualifier and company functions
[2024-12-19T12:55:56.213Z] Validated submit functionality
[2024-12-19T12:59:38.628Z] Verified upload labels functionality
[2024-12-19T12:59:42.414Z] Verified edit labels functionality
[2024-12-19T12:59:44.618Z] Verified delete labels functionality
[2024-12-19T13:00:08.177Z] Verified upload manual labels functionality
[2024-12-19T13:06:30.075Z] Verified upload labels functionality
[2024-12-19T13:06:57.634Z] Verified upload labels functionality
[2024-12-19T13:07:01.220Z] Verified edit labels functionality
[2024-12-19T13:07:03.343Z] Verified delete labels functionality
[2024-12-19T13:07:26.161Z] Verified upload manual labels functionality
[2024-12-19T13:10:20.830Z] Search for NewTest company
[2024-12-19T13:10:22.372Z] Verify drug registration edites records on CD app
[2024-12-19T13:12:54.713Z] Verify drug registration edites records on CD app
[2024-12-19T14:21:21.678Z] Validated general information
[2024-12-19T14:21:24.404Z] Validated business operation qualifier and company functions
[2024-12-19T14:21:27.964Z] Validated submit functionality
[2024-12-19T14:22:19.000Z] Verified upload labels functionality
[2024-12-19T14:22:22.983Z] Verified edit labels functionality
[2024-12-19T14:22:25.209Z] Verified delete labels functionality
[2024-12-19T14:22:49.561Z] Verified upload manual labels functionality
[2024-12-19T14:32:37.140Z] Search for NewTest company
[2024-12-19T14:32:38.931Z] Verify drug registration edites records on CD app
[2024-12-19T14:35:57.473Z] Verify drug registration edites records on CD app
[2025-01-15T05:57:31.158Z] Search for NewTest company
[2025-01-15T07:58:03.450Z] Search for NewTest company
[2025-01-15T08:45:21.328Z] Search for NewTest company
[2025-01-15T13:52:24.949Z] Search for NewTest company
[2025-01-16T05:58:01.094Z] Search for NewTest company
[2025-01-20T07:29:21.235Z] Search for NewTest company
[2025-01-20T07:36:44.395Z] Search for NewTest company
[2025-01-21T05:46:41.239Z] Search for NewTest company
[2025-01-21T05:58:24.314Z] Search for NewTest company
[2025-01-21T05:58:46.850Z] Verified upload certicate functionality
[2025-01-21T05:58:57.079Z] Verified update uploaded certicate functionality
[2025-01-21T05:58:59.591Z] Verified delete uploaded certicate functionality
[2025-01-21T06:14:23.223Z] Search for NewTest company
[2025-01-21T06:14:34.765Z] Verified upload certicate functionality
[2025-01-21T06:14:42.797Z] Verified update uploaded certicate functionality
[2025-01-21T06:14:44.904Z] Verified delete uploaded certicate functionality
[2025-01-21T06:32:52.096Z] Search for NewTest company
[2025-01-21T06:32:57.907Z] Verify drug registration edites records on CD app
[2025-01-21T06:41:17.916Z] Search for NewTest company
[2025-01-21T06:41:24.223Z] Verify drug registration edites records on CD app
[2025-01-21T06:56:12.536Z] Search for NewTest company
[2025-01-21T06:56:19.112Z] Verify drug registration edites records on CD app
[2025-01-21T06:56:21.275Z] Verify email header triggered successfully on mailslurp 
[2025-01-21T08:00:55.545Z] Search for NewTest company
[2025-01-21T10:40:46.355Z] Search for NewTest company
[2025-01-21T11:25:24.500Z] Search for NewTest company
[2025-01-21T12:59:08.942Z] Search for NewTest company
[2025-01-21T13:00:14.029Z] Search for NewTest company
[2025-01-21T13:01:30.561Z] Search for NewTest company
[2025-01-21T13:02:16.570Z] Search for NewTest company
[2025-01-21T13:07:46.007Z] Search for NewTest company
[2025-01-21T13:47:34.760Z] Search for NewTest company
[2025-01-21T13:49:35.212Z] Search for NewTest company
[2025-01-21T14:19:30.493Z] Search for NewTest company
[2025-01-21T14:24:53.854Z] Search for NewTest company
[2025-01-21T14:26:43.315Z] Search for NewTest company
[2025-01-22T05:30:19.565Z] Search for NewTest company
[2025-01-22T05:31:52.530Z] Search for NewTest company
[2025-01-22T05:33:43.819Z] Search for NewTest company
[2025-01-22T05:37:26.254Z] Search for NewTest company
[2025-01-22T05:39:48.010Z] Search for NewTest company
[2025-01-22T05:44:29.691Z] Search for NewTest company
[2025-01-22T06:30:25.159Z] Search for NewTest company
