[2024-09-17T13:03:05.469Z] Redirecting to Cosmetic tickler
[2024-09-17T13:03:10.260Z] Verifying the newly added brand
[2024-09-17T13:03:10.804Z] Verified brand
[2024-09-17T13:03:10.893Z] Verifying online payment
[2024-09-17T13:03:11.032Z] Verified online payment
[2024-09-17T13:03:12.055Z] Return to company
[2024-09-17T13:03:14.129Z] Verifying CD note,capturing screenshot
[2024-09-18T05:25:27.797Z] Redirecting to Cosmetic tickler
[2024-09-18T05:25:33.817Z] Verifying the newly added brand
[2024-09-18T05:25:34.315Z] Verified brand
[2024-09-18T05:25:34.390Z] Verifying online payment
[2024-09-18T05:25:34.519Z] Verified online payment
[2024-09-18T05:25:36.058Z] Return to company
[2024-09-18T05:25:37.467Z] Verifying CD note,capturing screenshot
[2024-09-18T05:36:48.631Z] Redirecting to Cosmetic tickler
[2024-09-18T05:36:53.725Z] Verifying the newly added brand
[2024-09-18T05:36:54.474Z] Verified brand
[2024-09-18T05:36:54.602Z] Verifying online payment
[2024-09-18T05:36:54.822Z] Verified online payment
[2024-09-18T05:36:56.478Z] Return to company
[2024-09-18T05:36:58.770Z] Verifying CD note,capturing screenshot
[2024-09-18T05:38:38.751Z] Redirecting to Cosmetic tickler
[2024-09-18T05:38:41.923Z] Verifying the newly added brand
[2024-09-18T05:38:42.393Z] Verified brand
[2024-09-18T05:38:42.467Z] Verifying online payment
[2024-09-18T05:38:42.579Z] Verified online payment
[2024-09-18T05:38:44.063Z] Return to company
[2024-09-18T05:38:45.402Z] Verifying CD note,capturing screenshot
[2024-09-18T07:16:24.205Z] Redirecting to Cosmetic tickler
[2024-09-18T07:16:30.678Z] Verifying the newly added brand
[2024-09-18T07:16:31.378Z] Verified brand
[2024-09-18T07:16:31.649Z] Verifying online payment
[2024-09-18T07:16:31.928Z] Verified online payment
[2024-09-18T07:16:33.387Z] Return to company
[2024-09-18T07:17:38.414Z] Redirecting to Cosmetic tickler
[2024-09-18T07:17:43.047Z] Verifying the newly added brand
[2024-09-18T07:17:43.431Z] Verified brand
[2024-09-18T07:17:43.511Z] Verifying online payment
[2024-09-18T07:17:43.597Z] Verified online payment
[2024-09-18T07:17:45.322Z] Return to company
[2024-09-18T07:17:46.643Z] Verifying CD note,capturing screenshot
[2024-09-18T08:19:34.732Z] Redirecting to Cosmetic tickler
[2024-09-18T08:19:43.432Z] Verifying the newly added brand
[2024-09-18T08:19:43.721Z] Verified brand
[2024-09-18T08:19:43.766Z] Verifying online payment
[2024-09-18T08:19:43.827Z] Verified online payment
[2024-09-18T08:19:51.253Z] Return to company
[2024-09-18T08:19:52.732Z] Verifying CD note,capturing screenshot
[2024-09-18T15:26:54.234Z] Redirecting to Cosmetic tickler
[2024-09-18T15:27:01.453Z] Verifying the newly added brand
[2024-09-18T15:27:01.963Z] Verified brand
[2024-09-18T15:27:02.089Z] Verifying online payment
[2024-09-19T08:08:16.301Z] Redirecting to Cosmetic tickler
[2024-09-19T08:08:24.273Z] Verifying the newly added brand
[2024-09-19T08:08:24.568Z] Verified brand
[2024-09-19T08:08:24.617Z] Verifying online payment
[2024-09-19T08:08:24.693Z] Verified online payment
[2024-09-19T08:08:30.090Z] Return to company
[2024-09-19T08:08:32.362Z] Verifying CD note,capturing screenshot
[2024-09-19T11:02:31.608Z] Redirecting to Cosmetic tickler
[2024-09-19T11:02:37.732Z] Verifying the newly added brand
[2024-09-19T11:02:38.205Z] Verified brand
[2024-09-19T11:02:38.283Z] Verifying online payment
[2024-09-19T11:02:38.379Z] Verified online payment
[2024-09-19T11:02:39.635Z] Return to company
[2024-09-19T11:02:41.435Z] Verifying CD note,capturing screenshot
[2024-09-19T11:10:33.210Z] Redirecting to Cosmetic tickler
[2024-09-19T11:10:38.584Z] Verifying the newly added brand
[2024-09-19T11:10:38.987Z] Verified brand
[2024-09-19T11:10:39.056Z] Verifying online payment
[2024-09-19T11:10:39.152Z] Verified online payment
[2024-09-19T11:10:40.367Z] Return to company
[2024-09-19T11:10:41.889Z] Verifying CD note,capturing screenshot
[2024-09-20T06:41:18.970Z] Redirecting to Cosmetic tickler
[2024-09-20T06:41:25.588Z] Verifying the newly added brand
[2024-09-20T06:41:26.061Z] Verified brand
[2024-09-20T06:41:26.164Z] Verifying online payment
[2024-09-20T06:41:26.273Z] Verified online payment
[2024-09-20T06:41:27.472Z] Return to company
[2024-09-20T06:41:29.754Z] Verifying CD note,capturing screenshot
[2024-09-23T12:02:23.505Z] Redirecting to Cosmetic tickler
[2024-09-23T12:02:30.259Z] Verifying the newly added brand
[2024-09-23T12:02:30.731Z] Verified brand
[2024-09-23T12:02:30.841Z] Verifying online payment
[2024-09-23T12:02:30.943Z] Verified online payment
[2024-09-23T12:02:32.157Z] Return to company
[2024-09-23T12:02:34.365Z] Verifying CD note,capturing screenshot
[2024-09-23T12:57:36.261Z] Redirecting to Cosmetic tickler
[2024-09-23T12:57:42.923Z] Verifying the newly added brand
[2024-09-23T12:57:43.428Z] Verified brand
[2024-09-23T12:57:43.494Z] Verifying online payment
[2024-09-23T12:57:43.627Z] Verified online payment
[2024-09-23T12:57:44.886Z] Return to company
[2024-09-23T12:57:47.155Z] Verifying CD note,capturing screenshot
[2024-09-24T11:02:15.163Z] Redirecting to Cosmetic tickler
[2024-09-24T11:02:22.511Z] Verifying the newly added brand
[2024-09-24T11:02:22.964Z] Verified brand
[2024-09-24T11:02:23.036Z] Verifying online payment
[2024-09-24T12:48:07.233Z] Redirecting to Cosmetic tickler
[2024-09-24T12:48:18.186Z] Verifying the newly added brand
[2024-09-24T12:48:19.019Z] Verified brand
[2024-09-24T12:48:19.110Z] Verifying online payment
[2024-09-25T08:28:47.331Z] Redirecting to Cosmetic tickler
[2024-09-25T08:28:52.551Z] Verifying the newly added brand
[2024-09-25T08:28:53.041Z] Verified brand
[2024-09-25T08:28:53.122Z] Verifying online payment
[2024-09-25T08:47:57.033Z] Redirecting to Cosmetic tickler
[2024-09-25T08:48:02.682Z] Verifying the newly added brand
[2024-09-25T08:48:03.179Z] Verified brand
[2024-09-25T08:48:03.246Z] Verifying online payment
[2024-09-25T08:48:03.352Z] Verified online payment
[2024-09-25T08:48:10.293Z] Return to company
[2024-09-25T08:48:14.129Z] Verifying CD note,capturing screenshot
[2024-09-26T09:35:42.139Z] Redirecting to Cosmetic tickler
[2024-09-26T09:35:49.089Z] Verifying the newly added brand
[2024-09-26T09:35:49.596Z] Verified brand
[2024-09-26T09:35:49.672Z] Verifying online payment
[2024-09-26T09:35:49.784Z] Verified online payment
[2024-09-26T09:35:52.778Z] Return to company
[2024-09-26T09:35:56.339Z] Verifying CD note,capturing screenshot
[2024-09-26T09:43:51.724Z] Redirecting to Cosmetic tickler
[2024-09-26T09:43:57.919Z] Verifying the newly added brand
[2024-09-26T09:43:58.504Z] Verified brand
[2024-09-26T09:43:58.592Z] Verifying online payment
[2024-09-26T09:43:58.746Z] Verified online payment
[2024-09-26T09:44:00.050Z] Return to company
[2024-09-26T09:44:02.377Z] Verifying CD note,capturing screenshot
[2024-09-26T10:33:21.887Z] Redirecting to Cosmetic tickler
[2024-09-26T10:33:28.514Z] Verifying the newly added brand
[2024-09-26T10:33:28.933Z] Verified brand
[2024-09-26T10:33:29.000Z] Verifying online payment
[2024-09-26T10:35:39.252Z] Redirecting to Cosmetic tickler
[2024-09-26T10:35:42.791Z] Verifying the newly added brand
[2024-09-26T10:35:43.363Z] Verified brand
[2024-09-26T10:35:43.468Z] Verifying online payment
[2024-09-26T10:39:31.445Z] Redirecting to Cosmetic tickler
[2024-09-26T10:39:32.534Z] Verifying the newly added brand
[2024-09-26T10:39:32.974Z] Verified brand
[2024-09-26T10:39:33.034Z] Verifying online payment
[2024-09-26T10:39:33.117Z] Verified online payment
[2024-09-26T10:39:34.328Z] Return to company
[2024-09-26T10:39:36.122Z] Verifying CD note,capturing screenshot
[2024-09-26T10:41:28.105Z] Redirecting to Cosmetic tickler
[2024-09-26T10:41:30.534Z] Verifying the newly added brand
[2024-09-26T10:41:31.094Z] Verified brand
[2024-09-26T10:41:31.202Z] Verifying online payment
[2024-09-26T10:41:31.348Z] Verified online payment
[2024-09-26T10:41:32.675Z] Return to company
[2024-09-26T10:41:34.585Z] Verifying CD note,capturing screenshot
[2024-09-26T11:29:09.393Z] Redirecting to Cosmetic tickler
[2024-09-26T11:38:11.932Z] Redirecting to Cosmetic tickler
[2024-09-26T11:41:38.864Z] Redirecting to Cosmetic tickler
[2024-09-26T11:44:48.013Z] Redirecting to Cosmetic tickler
[2024-09-26T11:46:59.342Z] Redirecting to Cosmetic tickler
[2024-09-26T11:47:03.593Z] Verifying the newly added brand
[2024-09-26T11:47:03.956Z] Verified brand
[2024-09-26T11:47:04.007Z] Verifying online payment
[2024-09-26T11:47:04.081Z] Verified online payment
[2024-09-26T11:47:05.273Z] Return to company
[2024-09-26T11:47:06.716Z] Verifying CD note,capturing screenshot
[2024-09-26T11:48:30.768Z] Redirecting to Cosmetic tickler
[2024-09-26T11:48:32.699Z] Verifying the newly added brand
[2024-09-26T11:48:33.130Z] Verified brand
[2024-09-26T11:48:33.197Z] Verifying online payment
[2024-09-26T11:48:33.295Z] Verified online payment
[2024-09-26T11:48:34.512Z] Return to company
[2024-09-26T11:48:35.542Z] Verifying CD note,capturing screenshot
[2024-09-26T12:56:34.526Z] Redirecting to Cosmetic tickler
[2024-09-26T12:56:41.359Z] Verifying the newly added brand
[2024-09-26T12:56:41.707Z] Verified brand
[2024-09-26T12:56:41.791Z] Verifying online payment
[2024-09-27T07:51:05.701Z] Redirecting to Cosmetic tickler
[2024-09-27T07:51:10.923Z] Verifying the newly added brand
[2024-09-27T07:51:11.322Z] Verified brand
[2024-09-27T07:51:11.415Z] Verifying online payment
[2024-09-27T07:51:11.507Z] Verified online payment
[2024-09-27T07:51:17.985Z] Return to company
[2024-09-27T07:51:19.891Z] Verifying CD note,capturing screenshot
[2024-09-27T09:30:14.738Z] Redirecting to Cosmetic tickler
[2024-09-27T09:39:05.969Z] Redirecting to Cosmetic tickler
[2024-09-27T09:42:03.944Z] Redirecting to Cosmetic tickler
[2024-09-27T09:43:48.248Z] Redirecting to Cosmetic tickler
[2024-09-27T09:47:10.464Z] Redirecting to Cosmetic tickler
[2024-09-27T11:15:55.451Z] Redirecting to Cosmetic tickler
[2024-09-27T12:36:49.044Z] Redirecting to Cosmetic tickler
[2024-09-30T03:54:03.575Z] Redirecting to Cosmetic tickler
[2024-09-30T03:54:08.703Z] Verifying the newly added brand
[2024-09-30T03:54:09.086Z] Verified brand
[2024-09-30T03:54:09.146Z] Verifying online payment
[2024-09-30T03:54:09.232Z] Verified online payment
[2024-09-30T03:54:10.379Z] Return to company
[2024-09-30T03:54:11.607Z] Verifying CD note,capturing screenshot
[2024-09-30T04:27:13.577Z] Redirecting to Cosmetic tickler
[2024-09-30T04:27:18.982Z] Verifying the newly added brand
[2024-09-30T04:27:19.319Z] Verified brand
[2024-09-30T04:27:19.363Z] Verifying online payment
[2024-09-30T04:27:19.454Z] Verified online payment
[2024-09-30T04:27:20.550Z] Return to company
[2024-09-30T04:27:21.439Z] Verifying CD note,capturing screenshot
[2024-09-30T05:14:45.244Z] Redirecting to Cosmetic tickler
[2024-09-30T05:14:55.162Z] Verifying the newly added brand
[2024-09-30T05:14:55.720Z] Verified brand
[2024-09-30T05:14:55.793Z] Verifying online payment
[2024-09-30T05:14:55.919Z] Verified online payment
[2024-09-30T05:14:58.157Z] Return to company
[2024-09-30T13:48:07.940Z] Redirecting to Cosmetic tickler
[2024-09-30T13:48:15.274Z] Verifying the newly added brand
[2024-09-30T13:48:15.897Z] Verified brand
[2024-09-30T13:48:15.988Z] Verifying online payment
[2024-09-30T13:48:16.109Z] Verified online payment
[2024-09-30T13:48:17.519Z] Return to company
[2024-09-30T13:48:18.743Z] Verifying CD note,capturing screenshot
[2024-09-30T13:54:03.231Z] Redirecting to Cosmetic tickler
[2024-09-30T13:54:10.182Z] Verifying the newly added brand
[2024-09-30T13:54:10.509Z] Verified brand
[2024-09-30T13:54:10.569Z] Verifying online payment
[2024-09-30T13:54:10.648Z] Verified online payment
[2024-09-30T13:54:11.912Z] Return to company
[2024-09-30T13:54:12.963Z] Verifying CD note,capturing screenshot
[2024-10-01T06:01:49.637Z] Redirecting to Cosmetic tickler
[2024-10-01T06:01:55.666Z] Verifying the newly added brand
[2024-10-01T06:01:56.173Z] Verified brand
[2024-10-01T06:01:56.261Z] Verifying online payment
[2024-10-01T06:05:07.424Z] Redirecting to Cosmetic tickler
[2024-10-01T06:05:10.342Z] Verifying the newly added brand
[2024-10-01T06:05:10.732Z] Verified brand
[2024-10-01T06:05:10.792Z] Verifying online payment
[2024-10-01T06:05:10.872Z] Verified online payment
[2024-10-01T06:05:12.018Z] Return to company
[2024-10-01T06:05:13.038Z] Verifying CD note,capturing screenshot
[2024-10-01T06:17:53.258Z] Redirecting to Cosmetic tickler
[2024-10-01T06:17:57.018Z] Verifying the newly added brand
[2024-10-01T06:17:57.393Z] Verified brand
[2024-10-01T06:17:57.460Z] Verifying online payment
[2024-10-01T06:17:57.536Z] Verified online payment
[2024-10-01T06:17:58.716Z] Return to company
[2024-10-01T06:17:59.739Z] Verifying CD note,capturing screenshot
[2024-10-01T07:36:18.280Z] Redirecting to Cosmetic tickler
[2024-10-01T07:36:23.658Z] Verifying the newly added brand
[2024-10-01T07:36:23.924Z] Verified brand
[2024-10-01T07:36:23.948Z] Verifying online payment
[2024-10-01T07:36:23.980Z] Verified online payment
[2024-10-01T07:36:31.606Z] Return to company
[2024-10-01T07:36:33.886Z] Verifying CD note,capturing screenshot
[2024-10-01T07:39:04.509Z] Redirecting to Cosmetic tickler
[2024-10-01T09:22:09.373Z] Redirecting to Cosmetic tickler
[2024-10-01T11:12:17.633Z] Redirecting to Cosmetic tickler
[2024-10-01T13:40:51.059Z] Redirecting to Cosmetic tickler
[2024-10-01T13:41:01.199Z] Verifying the newly added brand
[2024-10-01T13:41:01.928Z] Verified brand
[2024-10-01T13:41:01.982Z] Verifying online payment
[2024-10-01T13:41:02.214Z] Verified online payment
[2024-10-01T13:41:03.572Z] Return to company
[2024-10-01T13:41:04.728Z] Verifying CD note,capturing screenshot
[2024-10-01T13:44:54.835Z] Redirecting to Cosmetic tickler
[2024-10-15T08:23:14.896Z] Redirecting to Cosmetic tickler
[2024-10-15T08:23:21.964Z] Verifying the newly added brand
[2024-10-15T08:23:22.423Z] Verified brand
[2024-10-15T08:23:22.538Z] Verifying online payment
[2024-10-15T13:13:16.975Z] Redirecting to Cosmetic tickler
[2024-10-15T13:19:36.517Z] Redirecting to Cosmetic tickler
[2024-10-15T13:20:15.760Z] Redirecting to Cosmetic tickler
[2024-10-15T13:21:32.316Z] Redirecting to Cosmetic tickler
[2024-10-15T13:23:36.389Z] Redirecting to Cosmetic tickler
[2024-10-15T13:26:32.260Z] Redirecting to Cosmetic tickler
[2024-10-15T13:28:28.447Z] Redirecting to Cosmetic tickler
[2024-10-16T05:28:21.942Z] Redirecting to Cosmetic tickler
[2024-10-16T05:41:18.470Z] Redirecting to Cosmetic tickler
[2024-10-16T05:46:41.705Z] Redirecting to Cosmetic tickler
[2024-10-16T05:58:52.985Z] Redirecting to Cosmetic tickler
[2024-10-16T06:00:34.700Z] Redirecting to Cosmetic tickler
[2024-10-16T06:01:26.005Z] Redirecting to Cosmetic tickler
[2024-10-17T05:11:03.647Z] Redirecting to Cosmetic tickler
[2024-10-17T05:12:34.902Z] Redirecting to Cosmetic tickler
[2024-10-17T05:33:06.065Z] Redirecting to Cosmetic tickler
[2024-10-17T05:51:22.032Z] Redirecting to Cosmetic tickler
[2024-10-17T06:21:41.812Z] Redirecting to Cosmetic tickler
[2024-10-17T06:42:49.679Z] Redirecting to Cosmetic tickler
[2024-10-17T06:49:03.325Z] Redirecting to Cosmetic tickler
[2024-10-17T06:51:49.075Z] Redirecting to Cosmetic tickler
[2024-10-17T07:03:17.123Z] Redirecting to Cosmetic tickler
[2024-10-17T07:20:12.732Z] Redirecting to Cosmetic tickler
[2024-10-17T07:21:43.162Z] Redirecting to Cosmetic tickler
[2024-10-17T07:22:30.471Z] Redirecting to Cosmetic tickler
[2024-10-17T07:29:43.382Z] Redirecting to Cosmetic tickler
[2024-10-17T07:35:07.631Z] Redirecting to Cosmetic tickler
[2024-10-17T07:36:49.567Z] Redirecting to Cosmetic tickler
[2024-10-17T07:42:57.555Z] Redirecting to Cosmetic tickler
[2024-10-17T11:16:14.204Z] Redirecting to Cosmetic tickler
[2024-10-17T11:17:09.042Z] Redirecting to Cosmetic tickler
[2024-10-17T12:20:00.618Z] Redirecting to Cosmetic tickler
[2024-10-17T12:22:23.236Z] Redirecting to Cosmetic tickler
[2024-10-18T05:04:40.271Z] Redirecting to Cosmetic tickler
[2024-10-18T06:08:02.238Z] Redirecting to Cosmetic tickler
[2024-10-18T08:12:01.133Z] Redirecting to Cosmetic tickler
[2024-10-18T08:14:59.922Z] Redirecting to Cosmetic tickler
[2024-10-18T08:44:03.255Z] Redirecting to Cosmetic tickler
[2024-10-18T10:45:51.556Z] Redirecting to Cosmetic tickler
[2024-10-18T10:54:36.436Z] Redirecting to Cosmetic tickler
[2024-10-18T11:34:44.519Z] Redirecting to Cosmetic tickler
[2024-10-18T11:36:23.064Z] Redirecting to Cosmetic tickler
[2024-10-18T11:36:44.278Z] Redirecting to Cosmetic tickler
[2024-10-18T12:55:15.699Z] Redirecting to Cosmetic tickler
[2024-10-18T12:55:38.957Z] Redirecting to Cosmetic tickler
[2024-10-18T12:56:45.125Z] Redirecting to Cosmetic tickler
[2024-10-18T12:57:08.648Z] Redirecting to Cosmetic tickler
[2024-10-18T12:58:08.927Z] Redirecting to Cosmetic tickler
[2024-10-18T12:58:31.604Z] Redirecting to Cosmetic tickler
[2024-10-18T13:10:50.365Z] Redirecting to Cosmetic tickler
[2024-10-18T13:11:12.728Z] Redirecting to Cosmetic tickler
[2024-10-21T05:26:43.633Z] Redirecting to Cosmetic tickler
[2024-10-21T05:27:03.825Z] Redirecting to Cosmetic tickler
[2024-10-21T06:35:23.825Z] Redirecting to Cosmetic tickler
[2024-10-21T06:35:51.862Z] Redirecting to Cosmetic tickler
[2024-10-21T10:46:23.222Z] Redirecting to Cosmetic tickler
[2024-10-21T10:46:52.586Z] Redirecting to Cosmetic tickler
[2024-10-21T10:47:15.366Z] Redirecting to Cosmetic tickler
[2024-10-21T10:47:35.635Z] Redirecting to Cosmetic tickler
[2024-10-21T10:50:10.572Z] Redirecting to Cosmetic tickler
[2024-10-21T10:50:30.252Z] Redirecting to Cosmetic tickler
[2024-10-21T10:51:56.002Z] Redirecting to Cosmetic tickler
[2024-10-21T10:52:16.187Z] Redirecting to Cosmetic tickler
[2024-10-21T10:54:50.486Z] Redirecting to Cosmetic tickler
[2024-10-21T10:55:11.405Z] Redirecting to Cosmetic tickler
[2024-10-21T10:56:57.997Z] Redirecting to Cosmetic tickler
[2024-10-21T10:57:18.645Z] Redirecting to Cosmetic tickler
[2024-10-21T10:58:07.970Z] Redirecting to Cosmetic tickler
[2024-10-21T10:58:29.216Z] Redirecting to Cosmetic tickler
[2024-10-21T10:59:19.225Z] Redirecting to Cosmetic tickler
[2024-10-21T10:59:39.001Z] Redirecting to Cosmetic tickler
[2024-10-21T11:00:58.388Z] Redirecting to Cosmetic tickler
[2024-10-21T11:01:19.471Z] Redirecting to Cosmetic tickler
[2024-10-21T11:26:40.185Z] Redirecting to Cosmetic tickler
[2024-10-22T05:09:01.698Z] Redirecting to Cosmetic tickler
[2024-10-22T05:09:46.684Z] Redirecting to Cosmetic tickler
[2024-10-22T05:11:01.031Z] Redirecting to Cosmetic tickler
[2024-10-22T05:16:58.221Z] Redirecting to Cosmetic tickler
[2024-10-22T05:17:18.822Z] Redirecting to Cosmetic tickler
[2024-10-22T05:19:42.264Z] Redirecting to Cosmetic tickler
[2024-10-22T05:20:01.975Z] Redirecting to Cosmetic tickler
[2024-10-22T05:52:46.385Z] Redirecting to Cosmetic tickler
[2024-10-22T05:56:01.363Z] Redirecting to Cosmetic tickler
[2024-10-22T06:35:52.248Z] Redirecting to Cosmetic tickler
[2024-10-22T06:37:12.207Z] Redirecting to Cosmetic tickler
[2024-10-22T06:38:22.910Z] Redirecting to Cosmetic tickler
[2024-10-22T07:00:47.121Z] Redirecting to Cosmetic tickler
[2024-10-22T07:02:06.164Z] Redirecting to Cosmetic tickler
[2024-10-22T07:03:15.775Z] Redirecting to Cosmetic tickler
[2024-10-22T10:26:45.175Z] Redirecting to Cosmetic tickler
[2024-10-22T10:28:00.537Z] Redirecting to Cosmetic tickler
[2024-10-22T10:29:11.738Z] Redirecting to Cosmetic tickler
[2024-10-22T11:58:30.518Z] Redirecting to Cosmetic tickler
[2024-10-22T12:00:31.882Z] Redirecting to Cosmetic tickler
[2024-10-22T13:14:32.688Z] Redirecting to Cosmetic tickler
[2024-10-22T13:16:47.979Z] Redirecting to Cosmetic tickler
[2024-10-22T13:19:37.745Z] Redirecting to Cosmetic tickler
[2024-10-22T13:20:34.175Z] Redirecting to Cosmetic tickler
[2024-10-23T05:49:10.180Z] Redirecting to Cosmetic tickler
[2024-10-23T05:50:13.786Z] Redirecting to Cosmetic tickler
[2024-10-23T07:11:25.609Z] Redirecting to Cosmetic tickler
[2024-10-23T07:12:21.032Z] Redirecting to Cosmetic tickler
[2024-10-23T07:30:57.154Z] Redirecting to Cosmetic tickler
[2024-10-23T07:31:46.976Z] Redirecting to Cosmetic tickler
[2024-10-23T07:32:49.458Z] Redirecting to Cosmetic tickler
[2024-10-23T10:44:57.865Z] Redirecting to Cosmetic tickler
[2024-10-23T10:45:17.815Z] Redirecting to Cosmetic tickler
[2024-10-23T10:46:23.095Z] Redirecting to Cosmetic tickler
[2024-10-23T10:49:08.609Z] Redirecting to Cosmetic tickler
[2024-10-23T10:50:25.771Z] Redirecting to Cosmetic tickler
[2024-10-23T11:00:07.871Z] Redirecting to Cosmetic tickler
[2024-10-23T11:01:37.480Z] Redirecting to Cosmetic tickler
[2024-10-23T11:16:23.247Z] Redirecting to Cosmetic tickler
[2024-10-23T11:18:35.480Z] Redirecting to Cosmetic tickler
[2024-10-23T11:20:02.988Z] Redirecting to Cosmetic tickler
[2024-10-23T11:23:13.464Z] Redirecting to Cosmetic tickler
[2024-10-23T11:24:51.554Z] Redirecting to Cosmetic tickler
[2024-10-23T11:27:30.092Z] Redirecting to Cosmetic tickler
[2024-10-23T11:28:07.758Z] Redirecting to Cosmetic tickler
[2024-10-23T11:29:07.049Z] Redirecting to Cosmetic tickler
[2024-10-23T11:34:33.611Z] Redirecting to Cosmetic tickler
[2024-10-23T11:34:54.484Z] Redirecting to Cosmetic tickler
[2024-10-24T06:06:15.611Z] Redirecting to Cosmetic tickler
[2024-10-24T06:28:08.293Z] Redirecting to Cosmetic tickler
[2024-10-24T06:29:18.925Z] Redirecting to Cosmetic tickler
[2024-10-24T06:38:57.735Z] Redirecting to Cosmetic tickler
[2024-10-24T06:39:57.141Z] Redirecting to Cosmetic tickler
[2024-10-24T06:43:05.195Z] Redirecting to Cosmetic tickler
[2024-10-24T06:43:25.106Z] Redirecting to Cosmetic tickler
[2024-10-24T06:45:44.474Z] Redirecting to Cosmetic tickler
[2024-10-24T06:46:03.842Z] Redirecting to Cosmetic tickler
[2024-10-24T06:47:34.750Z] Redirecting to Cosmetic tickler
[2024-10-24T06:48:29.412Z] Redirecting to Cosmetic tickler
[2024-10-24T06:49:36.058Z] Redirecting to Cosmetic tickler
[2024-10-24T06:50:49.612Z] Redirecting to Cosmetic tickler
[2024-10-24T06:51:09.431Z] Redirecting to Cosmetic tickler
[2024-10-24T06:52:59.373Z] Redirecting to Cosmetic tickler
[2024-10-24T06:53:18.884Z] Redirecting to Cosmetic tickler
[2024-10-24T06:55:29.769Z] Redirecting to Cosmetic tickler
[2024-10-24T06:55:49.007Z] Redirecting to Cosmetic tickler
[2024-10-24T06:56:31.771Z] Redirecting to Cosmetic tickler
[2024-10-24T06:56:52.464Z] Redirecting to Cosmetic tickler
[2024-10-24T09:11:08.923Z] Redirecting to Cosmetic tickler
[2024-10-24T09:14:29.085Z] Redirecting to Cosmetic tickler
[2024-10-24T09:16:40.477Z] Redirecting to Cosmetic tickler
[2024-10-24T09:17:27.401Z] Redirecting to Cosmetic tickler
[2024-10-24T09:23:46.581Z] Redirecting to Cosmetic tickler
[2024-10-24T09:24:32.514Z] Redirecting to Cosmetic tickler
[2024-10-24T09:27:20.441Z] Redirecting to Cosmetic tickler
[2024-10-24T09:28:02.407Z] Redirecting to Cosmetic tickler
[2024-10-24T10:03:46.281Z] Redirecting to Cosmetic tickler
[2024-10-24T10:10:11.404Z] Redirecting to Cosmetic tickler
[2024-10-24T10:13:08.546Z] Redirecting to Cosmetic tickler
[2024-10-28T02:14:56.598Z] Redirecting to Cosmetic tickler
[2024-10-28T05:28:44.253Z] Redirecting to Cosmetic tickler
[2024-10-28T05:29:05.245Z] Redirecting to Cosmetic tickler
[2024-10-28T05:41:47.393Z] Redirecting to Cosmetic tickler
[2024-10-28T05:44:42.309Z] Redirecting to Cosmetic tickler
[2024-10-28T05:45:59.204Z] Redirecting to Cosmetic tickler
[2024-10-28T05:47:32.063Z] Redirecting to Cosmetic tickler
[2024-10-28T05:54:39.383Z] Redirecting to Cosmetic tickler
[2024-10-28T06:17:17.780Z] Redirecting to Cosmetic tickler
[2024-10-28T06:24:23.971Z] Redirecting to Cosmetic tickler
[2024-10-28T06:25:37.264Z] Redirecting to Cosmetic tickler
[2024-10-28T06:35:35.042Z] Redirecting to Cosmetic tickler
[2024-10-28T06:35:59.055Z] Redirecting to Cosmetic tickler
[2024-10-28T06:36:18.768Z] Redirecting to Cosmetic tickler
[2024-10-28T06:38:15.472Z] Redirecting to Cosmetic tickler
[2024-10-28T06:39:20.507Z] Redirecting to Cosmetic tickler
[2024-10-28T07:14:12.488Z] Redirecting to Cosmetic tickler
[2024-10-28T07:14:33.284Z] Redirecting to Cosmetic tickler
[2024-10-28T07:20:37.998Z] Redirecting to Cosmetic tickler
[2024-10-28T07:21:09.880Z] Redirecting to Cosmetic tickler
[2024-10-28T07:21:29.293Z] Redirecting to Cosmetic tickler
[2024-10-28T07:24:37.145Z] Redirecting to Cosmetic tickler
[2024-10-28T07:27:35.998Z] Redirecting to Cosmetic tickler
[2024-10-28T07:29:00.344Z] Redirecting to Cosmetic tickler
[2024-10-28T07:34:36.211Z] Redirecting to Cosmetic tickler
[2024-10-28T07:39:41.000Z] Redirecting to Cosmetic tickler
[2024-10-28T07:41:14.391Z] Redirecting to Cosmetic tickler
[2024-10-28T07:43:02.371Z] Redirecting to Cosmetic tickler
[2024-10-28T07:44:19.940Z] Redirecting to Cosmetic tickler
[2024-10-28T07:45:54.530Z] Redirecting to Cosmetic tickler
[2024-10-28T08:03:51.565Z] Redirecting to Cosmetic tickler
[2024-10-28T08:05:29.410Z] Redirecting to Cosmetic tickler
[2024-10-28T08:21:19.572Z] Redirecting to Cosmetic tickler
[2024-10-28T08:44:31.778Z] Redirecting to Cosmetic tickler
[2024-10-28T08:44:36.354Z] Verifying the newly added brand
[2024-10-28T08:44:36.973Z] Verified brand
[2024-10-28T08:44:37.067Z] Verifying online payment
[2024-10-28T12:08:56.284Z] Redirecting to Cosmetic tickler
[2024-10-28T12:09:00.611Z] Verifying the newly added brand
[2024-10-28T12:09:01.014Z] Verified brand
[2024-10-28T12:09:01.088Z] Verifying online payment
[2024-10-28T12:14:36.031Z] Redirecting to Cosmetic tickler
[2024-10-28T12:52:25.453Z] Redirecting to Cosmetic tickler
[2024-10-29T14:06:31.283Z] Redirecting to Cosmetic tickler
[2024-10-29T14:06:59.984Z] Verify newly added brand
[2025-01-22T11:29:38.694Z] Redirecting to Cosmetic tickler
[2025-01-22T11:29:44.351Z] Verify newly added brand
