[2024-11-13T15:08:47.073Z] Added establishment physical address
[2024-11-13T15:08:52.766Z] Added mailing address
[2024-11-13T15:08:56.317Z] Added owner operator details
[2024-11-13T15:08:59.563Z] Added business operation details
[2024-11-13T15:09:06.101Z] Added importers details
[2024-11-13T15:09:26.647Z] Added review listings detail
[2024-11-13T15:09:29.933Z] Added payment details
[2024-11-13T15:09:30.080Z] Validated confirmation message after adding all details
[2024-11-13T15:14:01.696Z] Edited establishment physical address
[2024-11-13T15:14:07.006Z] Edited mailing address
[2024-11-13T15:14:10.282Z] Edited owner operator details
[2024-11-13T15:14:13.633Z] Edited business operations detail
[2024-11-13T15:14:19.331Z] Edited importers detail
[2024-11-13T15:14:29.799Z] Edited review listings detail
[2024-11-13T15:14:32.668Z] Edited payment details
[2024-11-13T15:14:32.812Z] Validated confirmation message after editing all details
[2024-11-13T15:15:26.157Z] Edited establishment physical address
[2024-11-13T15:15:31.465Z] Edited mailing address
[2024-11-13T15:15:34.572Z] Edited owner operator details
[2024-11-13T15:15:38.461Z] Edited business operations detail
[2024-11-13T15:19:12.727Z] Edited establishment physical address
[2024-11-13T15:19:17.961Z] Edited mailing address
[2024-11-13T15:19:21.306Z] Edited owner operator details
[2024-11-13T15:19:25.114Z] Edited business operations detail
[2024-11-13T15:19:30.202Z] Edited importers detail
[2024-11-13T15:19:41.541Z] Edited review listings detail
[2024-11-13T15:19:44.331Z] Edited payment details
[2024-11-13T15:19:44.446Z] Validated confirmation message after editing all details
