[2024-11-12T09:49:58.368Z] Validated upload file functionality
[2024-11-12T09:56:59.997Z] Validated upload file functionality
[2024-11-13T06:54:56.961Z] Validated upload file functionality
[2024-11-13T07:58:33.819Z] Validated upload file functionality
[2024-11-13T08:02:06.788Z] Validated upload file functionality
[2024-11-13T08:10:18.302Z] Validated upload file functionality
[2024-11-13T08:21:12.233Z] Validated upload file functionality
[2024-11-13T08:23:08.051Z] Validated upload file functionality
[2024-11-13T11:43:22.810Z] Validated upload file functionality
[2024-11-13T12:22:38.364Z] Validated upload file functionality
[2024-11-13T12:32:12.951Z] Validated Drug tickler and click on it
[2024-11-13T12:32:13.186Z] Validated Listing SPL's and click on it
[2024-11-13T12:32:13.942Z] Validated iframe on Listing SPL's
[2024-11-13T12:32:14.073Z] Uploaded XML file in drug listing SPL's
[2024-11-13T12:32:14.204Z] Validated Upload XML file and click on it
[2024-11-13T12:32:15.255Z] Validated upload file functionality
[2024-11-13T12:33:12.231Z] Validated Drug tickler and click on it
[2024-11-13T12:33:12.485Z] Validated Listing SPL's and click on it
[2024-11-13T12:33:13.184Z] Validated iframe on Listing SPL's
[2024-11-13T12:33:13.280Z] Uploaded XML file in drug listing SPL's
[2024-11-13T12:33:13.482Z] Validated Upload XML file and click on it
[2024-11-13T12:33:14.540Z] Validated upload file functionality
[2024-11-13T12:34:17.795Z] Validated Drug tickler and click on it
[2024-11-13T12:34:17.995Z] Validated Listing SPL's and click on it
[2024-11-13T12:34:18.834Z] Validated iframe on Listing SPL's
[2024-11-13T12:34:18.938Z] Uploaded XML file in drug listing SPL's
[2024-11-13T12:34:19.093Z] Validated Upload XML file and click on it
[2024-11-13T12:34:20.295Z] Validated upload file functionality
[2024-11-13T12:42:46.405Z] Validated Drug tickler and click on it
[2024-11-13T12:42:46.627Z] Validated Listing SPL's and click on it
[2024-11-13T12:42:47.180Z] Validated iframe on Listing SPL's
[2024-11-13T12:42:47.302Z] Uploaded XML file in drug listing SPL's
[2024-11-13T12:42:47.443Z] Validated Upload XML file and click on it
[2024-11-13T12:42:48.490Z] Validated upload file functionality
[2024-11-13T12:50:57.395Z] Validated Drug tickler and click on it
[2024-11-13T12:50:57.595Z] Validated Listing SPL's and click on it
[2024-11-13T12:50:58.283Z] Validated iframe on Listing SPL's
[2024-11-13T12:50:58.384Z] Uploaded XML file in drug listing SPL's
[2024-11-13T12:50:58.529Z] Validated Upload XML file and click on it
[2024-11-13T12:50:59.596Z] Validated upload file functionality
[2024-11-13T12:52:41.550Z] Validated Drug tickler and click on it
[2024-11-13T12:52:41.764Z] Validated Listing SPL's and click on it
[2024-11-13T12:52:42.481Z] Validated iframe on Listing SPL's
[2024-11-13T12:52:42.594Z] Uploaded XML file in drug listing SPL's
[2024-11-13T12:52:42.759Z] Validated Upload XML file and click on it
[2024-11-13T12:52:43.831Z] Validated upload file functionality
[2024-11-13T12:57:40.465Z] Validated Drug tickler and click on it
[2024-11-13T12:57:40.646Z] Validated Listing SPL's and click on it
[2024-11-13T12:57:41.337Z] Validated iframe on Listing SPL's
[2024-11-13T12:57:41.442Z] Uploaded XML file in drug listing SPL's
[2024-11-13T12:57:41.582Z] Validated Upload XML file and click on it
[2024-11-13T12:57:42.636Z] Validated upload file functionality
[2024-11-13T13:02:09.174Z] Validated Drug tickler and click on it
[2024-11-13T13:02:09.372Z] Validated Listing SPL's and click on it
[2024-11-13T13:02:10.020Z] Validated iframe on Listing SPL's
[2024-11-13T13:02:10.115Z] Uploaded XML file in drug listing SPL's
[2024-11-13T13:02:10.255Z] Validated Upload XML file and click on it
[2024-11-13T13:02:11.301Z] Validated upload file functionality
[2024-11-13T13:04:25.087Z] Validated Drug tickler and click on it
[2024-11-13T13:04:25.564Z] Validated Listing SPL's and click on it
[2024-11-13T13:04:26.213Z] Validated iframe on Listing SPL's
[2024-11-13T13:04:26.302Z] Uploaded XML file in drug listing SPL's
[2024-11-13T13:04:26.433Z] Validated Upload XML file and click on it
[2024-11-13T13:04:27.484Z] Validated upload file functionality
[2024-11-13T13:07:43.697Z] Validated Drug tickler and click on it
[2024-11-13T13:07:44.210Z] Validated Listing SPL's and click on it
[2024-11-13T13:07:44.903Z] Validated iframe on Listing SPL's
[2024-11-13T13:07:45.019Z] Uploaded XML file in drug listing SPL's
[2024-11-13T13:07:45.162Z] Validated Upload XML file and click on it
[2024-11-13T13:07:46.226Z] Validated upload file functionality
[2024-11-13T13:10:41.468Z] Validated Drug tickler and click on it
[2024-11-13T13:10:41.699Z] Validated Listing SPL's and click on it
[2024-11-13T13:10:42.410Z] Validated iframe on Listing SPL's
[2024-11-13T13:10:42.555Z] Uploaded XML file in drug listing SPL's
[2024-11-13T13:10:42.711Z] Validated Upload XML file and click on it
[2024-11-13T13:10:43.859Z] Validated upload file functionality
[2024-11-13T13:14:25.692Z] Validated Drug tickler and click on it
[2024-11-13T13:14:25.883Z] Validated Listing SPL's and click on it
[2024-11-13T13:14:26.868Z] Validated iframe on Listing SPL's
[2024-11-13T13:14:27.020Z] Uploaded XML file in drug listing SPL's
[2024-11-13T13:14:27.167Z] Validated Upload XML file and click on it
[2024-11-13T13:14:28.216Z] Validated upload file functionality
[2024-11-13T13:17:11.479Z] Validated Drug tickler and click on it
[2024-11-13T13:17:11.678Z] Validated Listing SPL's and click on it
[2024-11-13T13:17:12.385Z] Validated iframe on Listing SPL's
[2024-11-13T13:17:12.791Z] Uploaded XML file in drug listing SPL's
[2024-11-13T13:17:13.052Z] Validated Upload XML file and click on it
[2024-11-13T13:17:14.111Z] Validated upload file functionality
[2024-11-13T13:19:43.819Z] Validated Drug tickler and click on it
[2024-11-13T13:19:44.420Z] Validated Listing SPL's and click on it
[2024-11-13T13:19:45.082Z] Validated iframe on Listing SPL's
[2024-11-13T13:19:45.187Z] Uploaded XML file in drug listing SPL's
[2024-11-13T13:19:45.328Z] Validated Upload XML file and click on it
[2024-11-13T13:19:46.373Z] Validated upload file functionality
[2024-11-13T13:21:01.787Z] Validated Drug tickler and click on it
[2024-11-13T13:21:02.351Z] Validated Listing SPL's and click on it
[2024-11-13T13:21:03.041Z] Validated iframe on Listing SPL's
[2024-11-13T13:21:03.136Z] Uploaded XML file in drug listing SPL's
[2024-11-13T13:21:03.273Z] Validated Upload XML file and click on it
[2024-11-13T13:21:04.320Z] Validated upload file functionality
[2024-11-13T13:22:52.321Z] Validated Drug tickler and click on it
[2024-11-13T13:22:52.508Z] Validated Listing SPL's and click on it
[2024-11-13T13:22:53.598Z] Validated iframe on Listing SPL's
[2024-11-13T13:22:53.761Z] Uploaded XML file in drug listing SPL's
[2024-11-13T13:22:53.900Z] Validated Upload XML file and click on it
[2024-11-13T13:22:54.951Z] Validated upload file functionality
[2024-11-13T13:31:25.839Z] Validated Drug tickler and click on it
[2024-11-13T13:31:26.057Z] Validated Listing SPL's and click on it
[2024-11-13T13:31:26.850Z] Validated iframe on Listing SPL's
[2024-11-13T13:31:27.017Z] Uploaded XML file in drug listing SPL's
[2024-11-13T13:31:27.167Z] Validated Upload XML file and click on it
[2024-11-13T13:31:28.217Z] Validated upload file functionality
[2024-11-13T13:33:27.024Z] Validated Drug tickler and click on it
[2024-11-13T13:33:27.223Z] Validated Listing SPL's and click on it
[2024-11-13T13:33:27.986Z] Validated iframe on Listing SPL's
[2024-11-13T13:33:28.127Z] Uploaded XML file in drug listing SPL's
[2024-11-13T13:33:28.730Z] Validated Upload XML file and click on it
[2024-11-13T13:33:29.840Z] Validated upload file functionality
[2024-11-13T13:35:49.443Z] Validated Drug tickler and click on it
[2024-11-13T13:35:50.167Z] Validated Listing SPL's and click on it
[2024-11-13T13:35:51.774Z] Validated iframe on Listing SPL's
[2024-11-13T13:35:52.154Z] Uploaded XML file in drug listing SPL's
[2024-11-13T13:35:52.812Z] Validated Upload XML file and click on it
[2024-11-13T13:35:54.704Z] Validated upload file functionality
[2024-11-13T14:13:49.463Z] Validated Drug tickler and click on it
[2024-11-13T14:13:49.730Z] Validated Listing SPL's and click on it
[2024-11-13T14:13:52.919Z] Validated iframe on Listing SPL's
[2024-11-13T14:13:53.114Z] Uploaded XML file in drug listing SPL's
[2024-11-13T14:13:53.340Z] Validated Upload XML file and click on it
[2024-11-13T14:13:54.412Z] Validated upload file functionality
[2024-11-13T14:30:53.451Z] Validated Drug tickler and click on it
[2024-11-13T14:30:53.706Z] Validated Listing SPL's and click on it
[2024-11-13T14:30:55.139Z] Validated iframe on Listing SPL's
[2024-11-13T14:30:55.353Z] Uploaded XML file in drug listing SPL's
[2024-11-13T14:30:55.562Z] Validated Upload XML file and click on it
[2024-11-13T14:30:56.634Z] Validated upload file functionality
[2024-11-13T15:05:23.132Z] Validated Drug tickler and click on it
[2024-11-13T15:05:23.425Z] Validated Listing SPL's and click on it
[2024-11-13T15:05:25.997Z] Validated iframe on Listing SPL's
[2024-11-13T15:05:26.164Z] Uploaded XML file in drug listing SPL's
[2024-11-13T15:05:26.385Z] Validated Upload XML file and click on it
[2024-11-13T15:05:27.436Z] Validated upload file functionality
[2024-11-13T16:06:46.504Z] Validated Drug tickler and click on it
[2024-11-13T16:06:46.777Z] Validated Listing SPL's and click on it
[2024-11-13T16:06:51.040Z] Validated iframe on Listing SPL's
[2024-11-13T16:06:51.175Z] Uploaded XML file in drug listing SPL's
[2024-11-13T16:06:51.369Z] Validated Upload XML file and click on it
[2024-11-13T16:06:52.428Z] Validated upload file functionality
[2024-11-14T07:32:36.994Z] Validated Drug tickler and click on it
[2024-11-14T07:32:37.181Z] Validated Listing SPL's and click on it
[2024-11-14T07:32:39.303Z] Validated iframe on Listing SPL's
[2024-11-14T07:32:39.416Z] Uploaded XML file in drug listing SPL's
[2024-11-14T07:32:39.608Z] Validated Upload XML file and click on it
[2024-11-14T07:32:40.657Z] Validated upload file functionality
[2024-11-14T07:34:56.516Z] Validated Drug tickler and click on it
[2024-11-14T07:34:57.011Z] Validated Listing SPL's and click on it
[2024-11-14T07:34:57.915Z] Validated iframe on Listing SPL's
[2024-11-14T07:34:58.014Z] Uploaded XML file in drug listing SPL's
[2024-11-14T07:34:58.155Z] Validated Upload XML file and click on it
[2024-11-14T07:34:59.518Z] Validated upload file functionality
[2024-11-14T07:36:59.170Z] Validated Drug tickler and click on it
[2024-11-14T07:36:59.474Z] Validated Listing SPL's and click on it
[2024-11-14T07:37:00.292Z] Validated iframe on Listing SPL's
[2024-11-14T07:37:00.431Z] Uploaded XML file in drug listing SPL's
[2024-11-14T07:37:00.665Z] Validated Upload XML file and click on it
[2024-11-14T07:37:02.022Z] Validated upload file functionality
[2024-11-14T08:04:39.684Z] Validated Drug tickler and click on it
[2024-11-14T08:04:39.874Z] Validated Listing SPL's and click on it
[2024-11-14T08:04:40.650Z] Validated iframe on Listing SPL's
[2024-11-14T08:04:40.769Z] Uploaded XML file in drug listing SPL's
[2024-11-14T08:04:40.905Z] Validated Upload XML file and click on it
[2024-11-14T08:04:41.952Z] Validated upload file functionality
[2024-11-14T08:05:55.055Z] Validated Drug tickler and click on it
[2024-11-14T08:05:55.530Z] Validated Listing SPL's and click on it
[2024-11-14T08:05:56.403Z] Validated iframe on Listing SPL's
[2024-11-14T08:05:56.517Z] Uploaded XML file in drug listing SPL's
[2024-11-14T08:05:56.658Z] Validated Upload XML file and click on it
[2024-11-14T08:05:58.023Z] Validated upload file functionality
[2024-11-14T08:09:49.526Z] Validated Drug tickler and click on it
[2024-11-14T08:09:49.994Z] Validated Listing SPL's and click on it
[2024-11-14T08:09:51.267Z] Validated iframe on Listing SPL's
[2024-11-14T08:09:51.370Z] Uploaded XML file in drug listing SPL's
[2024-11-14T08:09:51.504Z] Validated Upload XML file and click on it
[2024-11-14T08:09:52.896Z] Validated upload file functionality
[2024-11-14T08:17:25.844Z] Validated Drug tickler and click on it
[2024-11-14T08:17:26.320Z] Validated Listing SPL's and click on it
[2024-11-14T08:17:27.190Z] Validated iframe on Listing SPL's
[2024-11-14T08:17:27.356Z] Uploaded XML file in drug listing SPL's
[2024-11-14T08:17:27.508Z] Validated Upload XML file and click on it
[2024-11-14T08:17:28.888Z] Validated upload file functionality
[2024-11-14T08:17:29.219Z] Validated uploaded data on Listings Reporting
[2024-11-14T08:22:29.435Z] Validated Drug tickler and click on it
[2024-11-14T08:22:29.971Z] Validated Listing SPL's and click on it
[2024-11-14T08:22:30.701Z] Validated iframe on Listing SPL's
[2024-11-14T08:22:30.817Z] Uploaded XML file in drug listing SPL's
[2024-11-14T08:22:30.966Z] Validated Upload XML file and click on it
[2024-11-14T08:22:32.360Z] Validated upload file functionality
[2024-11-14T08:22:32.767Z] Validated uploaded data on Listings Reporting
[2024-11-14T08:25:52.047Z] Validated Drug tickler and click on it
[2024-11-14T08:25:52.506Z] Validated Listing SPL's and click on it
[2024-11-14T08:25:53.961Z] Validated iframe on Listing SPL's
[2024-11-14T08:25:54.059Z] Uploaded XML file in drug listing SPL's
[2024-11-14T08:25:54.193Z] Validated Upload XML file and click on it
[2024-11-14T08:25:55.549Z] Validated upload file functionality
[2024-11-14T08:25:55.885Z] Validated uploaded data on Listings Reporting
[2024-11-14T09:53:50.435Z] Validated Drug tickler and click on it
[2024-11-14T09:53:50.678Z] Validated Listing SPL's and click on it
[2024-11-14T09:53:53.318Z] Validated iframe on Listing SPL's
[2024-11-14T09:53:53.457Z] Uploaded XML file in drug listing SPL's
[2024-11-14T09:53:53.673Z] Validated Upload XML file and click on it
[2024-11-14T09:53:54.722Z] Validated upload file functionality
[2024-11-14T10:07:03.782Z] Validated Drug tickler and click on it
[2024-11-14T10:07:04.050Z] Validated Listing SPL's and click on it
[2024-11-14T10:07:04.828Z] Validated iframe on Listing SPL's
[2024-11-14T10:07:04.956Z] Uploaded XML file in drug listing SPL's
[2024-11-14T10:07:05.115Z] Validated Upload XML file and click on it
[2024-11-14T10:07:06.174Z] Validated upload file functionality
[2024-11-14T10:10:46.251Z] Validated Drug tickler and click on it
[2024-11-14T10:10:46.492Z] Validated Listing SPL's and click on it
[2024-11-14T10:10:47.183Z] Validated iframe on Listing SPL's
[2024-11-14T10:10:47.306Z] Uploaded XML file in drug listing SPL's
[2024-11-14T10:10:47.555Z] Validated Upload XML file and click on it
[2024-11-14T10:10:48.625Z] Validated upload file functionality
[2024-11-14T10:13:15.965Z] Validated Drug tickler and click on it
[2024-11-14T10:13:16.189Z] Validated Listing SPL's and click on it
[2024-11-14T10:13:16.955Z] Validated iframe on Listing SPL's
[2024-11-14T10:13:17.083Z] Uploaded XML file in drug listing SPL's
[2024-11-14T10:13:17.221Z] Validated Upload XML file and click on it
[2024-11-14T10:13:18.285Z] Validated upload file functionality
[2024-11-14T12:08:55.803Z] Validated Drug tickler and click on it
[2024-11-14T12:08:56.034Z] Validated Listing SPL's and click on it
[2024-11-14T12:08:59.445Z] Validated iframe on Listing SPL's
[2024-11-14T12:08:59.686Z] Uploaded XML file in drug listing SPL's
[2024-11-14T12:08:59.830Z] Validated Upload XML file and click on it
[2024-11-14T12:09:01.017Z] Validated upload file functionality
[2024-11-14T12:14:57.348Z] Validated Drug tickler and click on it
[2024-11-14T12:14:57.588Z] Validated Listing SPL's and click on it
[2024-11-14T12:14:58.362Z] Validated iframe on Listing SPL's
[2024-11-14T12:14:58.471Z] Uploaded XML file in drug listing SPL's
[2024-11-14T12:14:58.623Z] Validated Upload XML file and click on it
[2024-11-14T12:14:59.673Z] Validated upload file functionality
[2024-11-14T12:17:37.265Z] Validated Drug tickler and click on it
[2024-11-14T12:17:37.541Z] Validated Listing SPL's and click on it
[2024-11-14T12:17:38.273Z] Validated iframe on Listing SPL's
[2024-11-14T12:17:38.424Z] Uploaded XML file in drug listing SPL's
[2024-11-14T12:17:38.669Z] Validated Upload XML file and click on it
[2024-11-14T12:17:39.721Z] Validated upload file functionality
[2024-11-14T12:17:40.127Z] Validated uploaded data on Listings Reporting
[2024-11-14T12:19:32.519Z] Validated Drug tickler and click on it
[2024-11-14T12:19:32.746Z] Validated Listing SPL's and click on it
[2024-11-14T12:19:33.500Z] Validated iframe on Listing SPL's
[2024-11-14T12:19:33.690Z] Uploaded XML file in drug listing SPL's
[2024-11-14T12:19:33.938Z] Validated Upload XML file and click on it
[2024-11-14T12:19:34.994Z] Validated upload file functionality
[2024-11-14T12:19:35.369Z] Validated uploaded data on Listings Reporting
[2024-11-14T12:22:17.495Z] Validated Drug tickler and click on it
[2024-11-14T12:22:17.697Z] Validated Listing SPL's and click on it
[2024-11-14T12:22:18.453Z] Validated iframe on Listing SPL's
[2024-11-14T12:22:18.578Z] Uploaded XML file in drug listing SPL's
[2024-11-14T12:22:18.742Z] Validated Upload XML file and click on it
[2024-11-14T12:22:19.795Z] Validated upload file functionality
[2024-11-14T12:22:20.354Z] Validated uploaded data on Listings Reporting
[2024-11-14T12:46:40.306Z] Validated Drug tickler and click on it
[2024-11-14T12:46:40.536Z] Validated Listing SPL's and click on it
[2024-11-14T12:46:43.134Z] Validated iframe on Listing SPL's
[2024-11-14T12:46:43.290Z] Uploaded XML file in drug listing SPL's
[2024-11-14T12:46:43.479Z] Validated Upload XML file and click on it
[2024-11-14T12:46:44.546Z] Validated upload file functionality
[2024-11-14T12:46:44.968Z] Validated uploaded data on Listings Reporting
[2024-11-15T10:18:10.306Z] Validated Drug tickler and click on it
[2024-11-15T10:18:10.549Z] Validated Listing SPL's and click on it
[2024-11-15T10:18:14.531Z] Validated iframe on Listing SPL's
[2024-11-15T10:18:14.704Z] Uploaded XML file in drug listing SPL's
[2024-11-15T10:18:14.930Z] Validated Upload XML file and click on it
[2024-11-15T10:18:16.004Z] Validated upload file functionality
[2024-11-15T10:18:16.494Z] Validated uploaded data on Listings Reporting
[2024-11-15T10:19:24.069Z] Validated Drug tickler and click on it
[2024-11-15T10:19:24.412Z] Validated Listing SPL's and click on it
[2024-11-15T10:19:25.028Z] Validated iframe on Listing SPL's
[2024-11-15T10:19:25.161Z] Uploaded XML file in drug listing SPL's
[2024-11-15T10:19:25.341Z] Validated Upload XML file and click on it
[2024-11-15T10:19:26.421Z] Validated upload file functionality
[2024-11-15T10:19:26.899Z] Validated uploaded data on Listings Reporting
[2024-11-15T10:24:37.744Z] Validated Drug tickler and click on it
[2024-11-15T10:24:38.202Z] Validated Listing SPL's and click on it
[2024-11-15T10:24:38.809Z] Validated iframe on Listing SPL's
[2024-11-15T10:24:39.011Z] Uploaded XML file in drug listing SPL's
[2024-11-15T10:24:39.196Z] Validated Upload XML file and click on it
[2024-11-15T10:24:40.264Z] Validated upload file functionality
[2024-11-15T10:24:40.873Z] Validated uploaded data on Listings Reporting
[2024-11-15T10:27:16.317Z] Validated Drug tickler and click on it
[2024-11-15T10:27:16.773Z] Validated Listing SPL's and click on it
[2024-11-15T10:27:17.289Z] Validated iframe on Listing SPL's
[2024-11-15T10:27:17.481Z] Uploaded XML file in drug listing SPL's
[2024-11-15T10:27:17.675Z] Validated Upload XML file and click on it
[2024-11-15T10:27:18.742Z] Validated upload file functionality
[2024-11-15T10:27:19.221Z] Validated uploaded data on Listings Reporting
[2024-11-18T07:47:59.422Z] Validated Drug tickler and click on it
[2024-11-18T07:47:59.655Z] Validated Listing SPL's and click on it
[2024-11-18T07:48:02.553Z] Validated iframe on Listing SPL's
[2024-11-18T07:48:02.675Z] Uploaded XML file in drug listing SPL's
[2024-11-18T07:48:02.817Z] Validated Upload XML file and click on it
[2024-11-18T07:48:03.867Z] Validated upload file functionality
[2024-11-18T07:48:04.231Z] Validated uploaded data on Listings Reporting
[2024-11-18T07:53:18.989Z] Validated Drug tickler and click on it
[2024-11-18T07:53:19.307Z] Validated Listing SPL's and click on it
[2024-11-18T07:53:20.880Z] Validated iframe on Listing SPL's
[2024-11-18T07:53:21.006Z] Uploaded XML file in drug listing SPL's
[2024-11-18T07:53:21.230Z] Validated Upload XML file and click on it
[2024-11-18T07:53:22.323Z] Validated upload file functionality
[2024-11-18T07:53:22.713Z] Validated uploaded data on Listings Reporting
[2024-11-18T07:55:34.549Z] Validated Drug tickler and click on it
[2024-11-18T07:55:35.105Z] Validated Listing SPL's and click on it
[2024-11-18T07:55:35.878Z] Validated iframe on Listing SPL's
[2024-11-18T07:55:36.030Z] Uploaded XML file in drug listing SPL's
[2024-11-18T07:55:36.254Z] Validated Upload XML file and click on it
[2024-11-18T07:55:37.638Z] Validated upload file functionality
[2024-11-18T07:55:38.334Z] Validated uploaded data on Listings Reporting
[2024-11-18T08:00:59.838Z] Validated Drug tickler and click on it
[2024-11-18T08:01:00.052Z] Validated Listing SPL's and click on it
[2024-11-18T08:01:02.428Z] Validated iframe on Listing SPL's
[2024-11-18T08:01:02.553Z] Uploaded XML file in drug listing SPL's
[2024-11-18T08:01:02.770Z] Validated Upload XML file and click on it
[2024-11-18T08:01:03.824Z] Validated upload file functionality
[2024-11-18T10:57:35.868Z] Validated Drug tickler and click on it
[2024-11-18T10:57:36.133Z] Validated Listing SPL's and click on it
[2024-11-18T10:57:39.502Z] Validated iframe on Listing SPL's
[2024-11-18T10:57:39.664Z] Uploaded XML file in drug listing SPL's
[2024-11-18T10:57:39.870Z] Validated Upload XML file and click on it
[2024-11-18T10:57:40.931Z] Validated upload file functionality
[2024-11-18T10:58:53.537Z] Validated Drug tickler and click on it
[2024-11-18T10:58:53.887Z] Validated Listing SPL's and click on it
[2024-11-18T10:58:54.435Z] Validated iframe on Listing SPL's
[2024-11-18T10:58:54.575Z] Uploaded XML file in drug listing SPL's
[2024-11-18T10:58:54.734Z] Validated Upload XML file and click on it
[2024-11-18T10:58:55.786Z] Validated upload file functionality
[2024-11-18T11:00:45.116Z] Validated Drug tickler and click on it
[2024-11-18T11:00:45.436Z] Validated Listing SPL's and click on it
[2024-11-18T11:00:46.011Z] Validated iframe on Listing SPL's
[2024-11-18T11:00:46.133Z] Uploaded XML file in drug listing SPL's
[2024-11-18T11:00:46.304Z] Validated Upload XML file and click on it
[2024-11-18T11:00:47.361Z] Validated upload file functionality
[2024-11-18T11:02:09.078Z] Validated Drug tickler and click on it
[2024-11-18T11:02:09.472Z] Validated Listing SPL's and click on it
[2024-11-18T11:02:10.018Z] Validated iframe on Listing SPL's
[2024-11-18T11:02:10.150Z] Uploaded XML file in drug listing SPL's
[2024-11-18T11:02:10.321Z] Validated Upload XML file and click on it
[2024-11-18T11:02:11.379Z] Validated upload file functionality
[2024-11-18T11:04:22.152Z] Validated Drug tickler and click on it
[2024-11-18T11:04:22.623Z] Validated Listing SPL's and click on it
[2024-11-18T11:04:23.236Z] Validated iframe on Listing SPL's
[2024-11-18T11:04:23.351Z] Uploaded XML file in drug listing SPL's
[2024-11-18T11:04:23.524Z] Validated Upload XML file and click on it
[2024-11-18T11:04:24.593Z] Validated upload file functionality
[2024-11-19T03:37:51.556Z] Validated Drug tickler and click on it
[2024-11-19T03:37:51.803Z] Validated Listing SPL's and click on it
[2024-11-19T03:37:53.285Z] Validated iframe on Listing SPL's
[2024-11-19T03:37:53.419Z] Uploaded XML file in drug listing SPL's
[2024-11-19T03:37:53.631Z] Validated Upload XML file and click on it
[2024-11-19T03:37:54.690Z] Validated upload file functionality
[2024-11-19T03:40:00.771Z] Validated Drug tickler and click on it
[2024-11-19T03:40:00.993Z] Validated Listing SPL's and click on it
[2024-11-19T03:40:01.676Z] Validated iframe on Listing SPL's
[2024-11-19T03:40:01.814Z] Uploaded XML file in drug listing SPL's
[2024-11-19T03:40:01.988Z] Validated Upload XML file and click on it
[2024-11-19T03:40:03.069Z] Validated upload file functionality
[2024-11-19T03:42:18.289Z] Validated Drug tickler and click on it
[2024-11-19T03:42:18.679Z] Validated Listing SPL's and click on it
[2024-11-19T03:42:19.247Z] Validated iframe on Listing SPL's
[2024-11-19T03:42:19.388Z] Uploaded XML file in drug listing SPL's
[2024-11-19T03:42:19.557Z] Validated Upload XML file and click on it
[2024-11-19T03:42:20.609Z] Validated upload file functionality
[2024-11-19T03:58:14.348Z] Validated Drug tickler and click on it
[2024-11-19T03:58:14.601Z] Validated Listing SPL's and click on it
[2024-11-19T03:58:15.189Z] Validated iframe on Listing SPL's
[2024-11-19T03:58:15.305Z] Uploaded XML file in drug listing SPL's
[2024-11-19T03:58:15.476Z] Validated Upload XML file and click on it
[2024-11-19T03:58:16.524Z] Validated upload file functionality
[2024-11-19T03:59:20.646Z] Validated Drug tickler and click on it
[2024-11-19T03:59:20.960Z] Validated Listing SPL's and click on it
[2024-11-19T03:59:21.602Z] Validated iframe on Listing SPL's
[2024-11-19T03:59:21.740Z] Uploaded XML file in drug listing SPL's
[2024-11-19T03:59:21.892Z] Validated Upload XML file and click on it
[2024-11-19T03:59:22.968Z] Validated upload file functionality
[2024-11-19T04:19:02.200Z] Validated Drug tickler and click on it
[2024-11-19T04:19:02.428Z] Validated Listing SPL's and click on it
[2024-11-19T04:19:03.044Z] Validated iframe on Listing SPL's
[2024-11-19T04:19:03.369Z] Uploaded XML file in drug listing SPL's
[2024-11-19T04:19:03.586Z] Validated Upload XML file and click on it
[2024-11-19T04:19:04.643Z] Validated upload file functionality
[2024-11-19T06:10:49.647Z] Validated Drug tickler and click on it
[2024-11-19T06:10:49.856Z] Validated Listing SPL's and click on it
[2024-11-19T06:10:52.869Z] Validated iframe on Listing SPL's
[2024-11-19T06:10:53.037Z] Uploaded XML file in drug listing SPL's
[2024-11-19T06:10:53.269Z] Validated Upload XML file and click on it
[2024-11-19T06:10:54.336Z] Validated upload file functionality
[2024-11-19T06:20:25.747Z] Validated Drug tickler and click on it
[2024-11-19T06:20:26.117Z] Validated Listing SPL's and click on it
[2024-11-19T06:20:26.704Z] Validated iframe on Listing SPL's
[2024-11-19T06:20:26.820Z] Uploaded XML file in drug listing SPL's
[2024-11-19T06:20:26.978Z] Validated Upload XML file and click on it
[2024-11-19T06:20:28.054Z] Validated upload file functionality
[2024-11-19T06:24:49.524Z] Validated Drug tickler and click on it
[2024-11-19T06:24:49.890Z] Validated Listing SPL's and click on it
[2024-11-19T06:24:50.486Z] Validated iframe on Listing SPL's
[2024-11-19T06:24:50.613Z] Uploaded XML file in drug listing SPL's
[2024-11-19T06:24:50.765Z] Validated Upload XML file and click on it
[2024-11-19T06:24:51.830Z] Validated upload file functionality
[2024-11-19T06:25:54.347Z] Validated Drug tickler and click on it
[2024-11-19T06:25:54.784Z] Validated Listing SPL's and click on it
[2024-11-19T06:25:55.368Z] Validated iframe on Listing SPL's
[2024-11-19T06:25:55.486Z] Uploaded XML file in drug listing SPL's
[2024-11-19T06:25:55.652Z] Validated Upload XML file and click on it
[2024-11-19T06:25:56.735Z] Validated upload file functionality
[2024-11-19T06:35:41.122Z] Validated Drug tickler and click on it
[2024-11-19T06:35:41.648Z] Validated Listing SPL's and click on it
[2024-11-19T06:35:42.302Z] Validated iframe on Listing SPL's
[2024-11-19T06:35:42.442Z] Uploaded XML file in drug listing SPL's
[2024-11-19T06:35:42.595Z] Validated Upload XML file and click on it
[2024-11-19T06:35:43.665Z] Validated upload file functionality
[2024-11-19T10:11:52.782Z] Validated Drug tickler and click on it
[2024-11-19T10:11:53.050Z] Validated Listing SPL's and click on it
[2024-11-19T10:11:55.163Z] Validated iframe on Listing SPL's
[2024-11-19T10:11:55.311Z] Uploaded XML file in drug listing SPL's
[2024-11-19T10:11:55.518Z] Validated Upload XML file and click on it
[2024-11-19T10:11:56.600Z] Validated upload file functionality
[2024-11-19T10:14:45.268Z] Validated Drug tickler and click on it
[2024-11-19T10:14:45.582Z] Validated Listing SPL's and click on it
[2024-11-19T10:14:46.201Z] Validated iframe on Listing SPL's
[2024-11-19T10:14:46.360Z] Uploaded XML file in drug listing SPL's
[2024-11-19T10:14:46.534Z] Validated Upload XML file and click on it
[2024-11-19T10:14:47.594Z] Validated upload file functionality
[2024-11-19T10:18:19.330Z] Validated Drug tickler and click on it
[2024-11-19T10:18:19.580Z] Validated Listing SPL's and click on it
[2024-11-19T10:18:21.626Z] Validated iframe on Listing SPL's
[2024-11-19T10:18:21.823Z] Uploaded XML file in drug listing SPL's
[2024-11-19T10:18:21.993Z] Validated Upload XML file and click on it
[2024-11-19T10:18:23.045Z] Validated upload file functionality
[2024-11-19T10:27:01.538Z] Validated Drug tickler and click on it
[2024-11-19T10:27:01.804Z] Validated Listing SPL's and click on it
[2024-11-19T10:27:02.378Z] Validated iframe on Listing SPL's
[2024-11-19T10:27:02.482Z] Uploaded XML file in drug listing SPL's
[2024-11-19T10:27:02.620Z] Validated Upload XML file and click on it
[2024-11-19T10:27:03.685Z] Validated upload file functionality
[2024-11-19T10:27:39.318Z] Validated Drug tickler and click on it
[2024-11-19T10:27:39.515Z] Validated Listing SPL's and click on it
[2024-11-19T10:27:40.076Z] Validated iframe on Listing SPL's
[2024-11-19T10:27:40.171Z] Uploaded XML file in drug listing SPL's
[2024-11-19T10:27:40.346Z] Validated Upload XML file and click on it
[2024-11-19T10:27:41.421Z] Validated upload file functionality
[2024-11-19T10:29:43.472Z] Validated Drug tickler and click on it
[2024-11-19T10:29:43.708Z] Validated Listing SPL's and click on it
[2024-11-19T10:29:44.257Z] Validated iframe on Listing SPL's
[2024-11-19T10:29:44.379Z] Uploaded XML file in drug listing SPL's
[2024-11-19T10:29:44.578Z] Validated Upload XML file and click on it
[2024-11-19T10:29:45.694Z] Validated upload file functionality
[2024-11-19T10:41:24.736Z] Validated Drug tickler and click on it
[2024-11-19T10:41:25.039Z] Validated Listing SPL's and click on it
[2024-11-19T10:41:25.638Z] Validated iframe on Listing SPL's
[2024-11-19T10:41:25.788Z] Uploaded XML file in drug listing SPL's
[2024-11-19T10:41:25.977Z] Validated Upload XML file and click on it
[2024-11-19T10:41:27.137Z] Validated upload file functionality
[2024-11-19T11:29:13.178Z] Validated Drug tickler and click on it
[2024-11-19T11:29:13.425Z] Validated Listing SPL's and click on it
[2024-11-19T11:29:15.631Z] Validated iframe on Listing SPL's
[2024-11-19T11:29:15.795Z] Uploaded XML file in drug listing SPL's
[2024-11-19T11:29:16.010Z] Validated Upload XML file and click on it
[2024-11-19T11:29:17.069Z] Validated upload file functionality
[2024-11-19T11:33:26.357Z] Validated Drug tickler and click on it
[2024-11-19T11:33:26.639Z] Validated Listing SPL's and click on it
[2024-11-19T11:33:27.223Z] Validated iframe on Listing SPL's
[2024-11-19T11:33:27.444Z] Uploaded XML file in drug listing SPL's
[2024-11-19T11:33:27.611Z] Validated Upload XML file and click on it
[2024-11-19T11:33:28.680Z] Validated upload file functionality
