[2025-01-21T06:25:25.535Z] Added establishment physical address details
[2025-01-21T06:25:31.660Z] Added postal address details
[2025-01-21T06:25:36.721Z] Added emergency contact details
[2025-01-21T06:25:43.956Z] Added parent company details
[2025-01-21T06:27:26.106Z] Added establishment physical address details
[2025-01-21T06:27:32.231Z] Added postal address details
[2025-01-21T06:27:37.220Z] Added emergency contact details
[2025-01-21T06:27:44.112Z] Added parent company details
[2025-01-21T06:27:58.661Z] Added activity conducted facility
[2025-01-21T06:30:56.406Z] Added establishment physical address details
[2025-01-21T06:31:02.600Z] Added postal address details
[2025-01-21T06:31:07.475Z] Added emergency contact details
[2025-01-21T06:31:14.445Z] Added parent company details
[2025-01-21T06:31:27.962Z] Added activity conducted facility
[2025-01-21T06:31:33.415Z] Added agreement details
[2025-01-21T06:31:33.900Z] Validated confirmation message after adding all details
[2025-01-21T06:40:06.227Z] Added establishment physical address details
[2025-01-21T06:40:13.632Z] Added postal address details
[2025-01-21T06:40:18.957Z] Added emergency contact details
[2025-01-21T06:40:26.064Z] Added parent company details
[2025-01-21T06:40:38.647Z] Added activity conducted facility
[2025-01-21T06:40:44.994Z] Added agreement details
[2025-01-21T06:40:45.462Z] Validated confirmation message after adding all details
[2025-01-21T06:54:51.172Z] Added establishment physical address details
[2025-01-21T06:54:57.391Z] Added postal address details
[2025-01-21T06:55:02.512Z] Added emergency contact details
[2025-01-21T06:55:10.074Z] Added parent company details
[2025-01-21T06:55:22.443Z] Added activity conducted facility
[2025-01-21T06:55:28.229Z] Added agreement details
[2025-01-21T06:55:28.696Z] Validated confirmation message after adding all details
[2025-01-21T07:59:34.489Z] Added establishment physical address details
[2025-01-21T07:59:41.039Z] Added postal address details
[2025-01-21T07:59:46.616Z] Added emergency contact details
[2025-01-21T07:59:54.477Z] Added parent company details
[2025-01-21T08:00:07.847Z] Added activity conducted facility
[2025-01-21T08:00:14.050Z] Added agreement details
[2025-01-21T08:00:14.505Z] Validated confirmation message after adding all details
