[2024-09-18T05:22:59.097Z] Redirecting to cosmetic menu to verify edit functionality
[2024-09-18T05:23:09.704Z] Adding a product
[2024-09-18T05:23:14.839Z] Product added successfully
[2024-09-18T05:23:15.697Z] on payment page, selecting yearly plan
[2024-09-18T05:24:12.298Z] Redirecting to cosmetic menu to verify edit functionality
[2024-09-18T05:24:17.100Z] Adding a product
[2024-09-18T05:24:26.563Z] Product added successfully
[2024-09-18T05:24:27.965Z] on payment page, selecting yearly plan
[2024-09-18T05:24:28.037Z] on payment page, selecting mode for payment
[2024-09-18T05:24:33.202Z] on payment page, Payment via online mode
[2024-09-18T05:35:38.963Z] Redirecting to cosmetic menu to verify edit functionality
[2024-09-18T05:35:46.862Z] Adding a product
[2024-09-18T05:35:53.361Z] Product added successfully
[2024-09-18T05:35:54.288Z] on payment page, selecting yearly plan
[2024-09-18T05:37:31.899Z] Redirecting to cosmetic menu to verify edit functionality
[2024-09-18T05:37:36.595Z] Adding a product
[2024-09-18T05:37:40.198Z] Product added successfully
[2024-09-18T05:37:41.557Z] on payment page, selecting yearly plan
[2024-09-18T05:37:41.626Z] on payment page, selecting mode for payment
[2024-09-18T05:37:47.060Z] on payment page, Payment via online mode
[2024-09-18T05:42:43.023Z] Redirecting to cosmetic menu to verify edit functionality
[2024-09-18T05:42:48.709Z] Adding a product
[2024-09-18T05:42:52.527Z] Product added successfully
[2024-09-18T05:42:52.991Z] on payment page, selecting yearly plan
[2024-09-18T07:10:29.224Z] Redirecting to cosmetic menu to verify edit functionality
[2024-09-18T07:10:34.175Z] Adding a product
[2024-09-18T07:10:37.937Z] Product added successfully
[2024-09-18T07:10:38.376Z] on payment page, selecting yearly plan
[2024-09-18T07:11:58.957Z] Redirecting to cosmetic menu to verify edit functionality
[2024-09-18T07:12:03.672Z] Adding a product
[2024-09-18T07:12:07.844Z] Product added successfully
[2024-09-18T07:12:09.826Z] on payment page, selecting yearly plan
[2024-09-18T07:12:09.893Z] on payment page, selecting mode for payment
[2024-09-18T07:12:16.080Z] on payment page, Payment via online mode
[2024-09-18T07:15:21.340Z] Redirecting to cosmetic menu to verify edit functionality
[2024-09-18T07:15:26.226Z] Adding a product
[2024-09-18T07:15:30.728Z] Product added successfully
[2024-09-18T07:15:31.744Z] on payment page, selecting yearly plan
[2024-09-18T07:17:00.403Z] Redirecting to cosmetic menu to verify edit functionality
[2024-09-18T07:17:05.266Z] Adding a product
[2024-09-18T07:17:09.054Z] Product added successfully
[2024-09-18T07:17:10.467Z] on payment page, selecting yearly plan
[2024-09-18T07:17:10.546Z] on payment page, selecting mode for payment
[2024-09-18T07:17:17.298Z] on payment page, Payment via online mode
[2024-09-18T08:18:01.873Z] Redirecting to cosmetic menu to verify edit functionality
[2024-09-18T08:18:07.703Z] Adding a product
[2024-09-18T08:18:12.582Z] Product added successfully
[2024-09-18T08:18:12.972Z] on payment page, selecting yearly plan
[2024-09-18T15:25:56.427Z] Redirecting to cosmetic menu to verify edit functionality
[2024-09-18T15:26:01.733Z] Adding a product
[2024-09-19T05:45:38.292Z] Redirecting to cosmetic menu to verify edit functionality
[2024-09-19T05:45:45.085Z] Adding a product
[2024-09-19T05:45:48.790Z] Product added successfully
[2024-09-19T05:45:50.290Z] on payment page, selecting yearly plan
[2024-09-19T05:45:50.364Z] on payment page, selecting mode for payment
[2024-09-19T05:45:56.647Z] on payment page, Payment via online mode
[2024-09-19T08:07:01.360Z] Redirecting to cosmetic menu to verify edit functionality
[2024-09-19T08:07:10.611Z] Adding a product
[2024-09-19T08:07:15.993Z] Product added successfully
[2024-09-19T08:07:19.010Z] on payment page, selecting yearly plan
[2024-09-19T08:07:19.090Z] on payment page, selecting mode for payment
[2024-09-19T08:07:25.424Z] on payment page, Payment via online mode
[2024-09-19T11:01:31.689Z] Redirecting to cosmetic menu to verify edit functionality
[2024-09-19T11:01:37.023Z] Adding a product
[2024-09-19T11:01:40.593Z] Product added successfully
[2024-09-19T11:01:41.088Z] on payment page, selecting yearly plan
[2024-09-19T11:09:32.129Z] Redirecting to cosmetic menu to verify edit functionality
[2024-09-19T11:09:37.344Z] Adding a product
[2024-09-19T11:09:40.819Z] Product added successfully
[2024-09-19T11:09:41.367Z] on payment page, selecting yearly plan
[2024-09-20T06:40:18.785Z] Redirecting to cosmetic menu to verify edit functionality
[2024-09-20T06:40:23.611Z] Adding a product
[2024-09-20T06:40:27.243Z] Product added successfully
[2024-09-20T06:40:27.681Z] on payment page, selecting yearly plan
[2024-09-23T12:01:20.505Z] Redirecting to cosmetic menu to verify edit functionality
[2024-09-23T12:01:25.618Z] Adding a product
[2024-09-23T12:01:29.151Z] Product added successfully
[2024-09-23T12:01:29.592Z] on payment page, selecting yearly plan
[2024-09-23T12:56:36.408Z] Redirecting to cosmetic menu to verify edit functionality
[2024-09-23T12:56:41.769Z] Adding a product
[2024-09-23T12:56:45.285Z] Product added successfully
[2024-09-23T12:56:45.689Z] on payment page, selecting yearly plan
[2024-09-24T08:39:27.777Z] Redirecting to cosmetic menu to verify edit functionality
[2024-09-24T08:39:58.018Z] on payment page, selecting yearly plan
[2024-09-24T08:40:11.890Z] Redirecting to cosmetic menu to verify edit functionality
[2024-09-24T08:40:42.074Z] on payment page, selecting yearly plan
[2024-09-24T10:55:32.520Z] Redirecting to cosmetic menu to verify edit functionality
[2024-09-24T10:55:40.539Z] Adding a product
[2024-09-24T10:55:50.439Z] Product added successfully
[2024-09-24T10:55:51.980Z] on payment page, selecting yearly plan
[2024-09-24T10:55:52.041Z] on payment page, selecting mode for payment
[2024-09-24T10:55:56.964Z] on payment page, Payment via online mode
[2024-09-24T10:58:44.536Z] Redirecting to cosmetic menu to verify edit functionality
[2024-09-24T10:58:48.752Z] Adding a product
[2024-09-24T10:58:55.708Z] Product added successfully
[2024-09-24T10:58:57.075Z] on payment page, selecting yearly plan
[2024-09-24T10:58:57.162Z] on payment page, selecting mode for payment
[2024-09-24T10:58:59.957Z] on payment page, Payment via online mode
[2024-09-24T11:00:23.645Z] Redirecting to cosmetic menu to verify edit functionality
[2024-09-24T11:00:27.722Z] Adding a product
[2024-09-24T11:00:35.630Z] Product added successfully
[2024-09-24T11:00:37.008Z] on payment page, selecting yearly plan
[2024-09-24T11:00:37.066Z] on payment page, selecting mode for payment
[2024-09-24T11:00:39.716Z] on payment page, Payment via online mode
[2024-09-24T11:01:32.795Z] Redirecting to cosmetic menu to verify edit functionality
[2024-09-24T11:01:36.869Z] Adding a product
[2024-09-24T11:01:49.230Z] Product added successfully
[2024-09-24T11:01:50.519Z] on payment page, selecting yearly plan
[2024-09-24T11:01:50.600Z] on payment page, selecting mode for payment
[2024-09-24T11:01:53.228Z] on payment page, Payment via online mode
[2024-09-24T12:47:16.001Z] Redirecting to cosmetic menu to verify edit functionality
[2024-09-24T12:47:22.001Z] Adding a product
[2024-09-24T12:47:30.538Z] Product added successfully
[2024-09-24T12:47:32.143Z] on payment page, selecting yearly plan
[2024-09-24T12:47:32.210Z] on payment page, selecting mode for payment
[2024-09-24T12:47:38.811Z] on payment page, Payment via online mode
[2024-09-25T08:27:17.318Z] Redirecting to cosmetic menu to verify edit functionality
[2024-09-25T08:27:28.550Z] Adding a product
[2024-09-25T08:27:43.034Z] Product added successfully
[2024-09-25T08:27:45.072Z] on payment page, selecting yearly plan
[2024-09-25T08:27:45.145Z] on payment page, selecting mode for payment
[2024-09-25T08:27:58.394Z] on payment page, Payment via online mode
[2024-09-25T08:33:45.933Z] Redirecting to cosmetic menu to verify edit functionality
[2024-09-25T08:33:57.664Z] Adding a product
[2024-09-25T08:34:26.578Z] Product added successfully
[2024-09-25T08:34:29.024Z] on payment page, selecting yearly plan
[2024-09-25T08:34:29.090Z] on payment page, selecting mode for payment
[2024-09-25T08:34:38.833Z] on payment page, Payment via online mode
[2024-09-25T08:41:56.098Z] Redirecting to cosmetic menu to verify edit functionality
[2024-09-25T08:42:08.281Z] Adding a product
[2024-09-25T08:42:20.025Z] Product added successfully
[2024-09-25T08:42:22.257Z] on payment page, selecting yearly plan
[2024-09-25T08:42:22.335Z] on payment page, selecting mode for payment
[2024-09-25T08:42:37.802Z] on payment page, Payment via online mode
[2024-09-25T08:45:25.545Z] Redirecting to cosmetic menu to verify edit functionality
[2024-09-25T08:45:30.736Z] Adding a product
[2024-09-25T08:45:40.743Z] Product added successfully
[2024-09-25T08:45:42.726Z] on payment page, selecting yearly plan
[2024-09-25T08:45:42.793Z] on payment page, selecting mode for payment
[2024-09-25T08:45:46.117Z] on payment page, Payment via online mode
[2024-09-25T08:46:28.043Z] Redirecting to cosmetic menu to verify edit functionality
[2024-09-25T08:46:33.788Z] Adding a product
[2024-09-25T08:46:40.218Z] Product added successfully
[2024-09-25T08:46:40.805Z] on payment page, selecting yearly plan
[2024-09-26T05:59:00.534Z] Redirecting to cosmetic menu to verify edit functionality
[2024-09-26T05:59:06.344Z] Adding a product
[2024-09-26T05:59:10.046Z] Product added successfully
[2024-09-26T05:59:10.602Z] on payment page, selecting yearly plan
[2024-09-26T09:34:20.887Z] Redirecting to cosmetic menu to verify edit functionality
[2024-09-26T09:34:26.288Z] Adding a product
[2024-09-26T09:34:30.472Z] Product added successfully
[2024-09-26T09:34:30.940Z] on payment page, selecting yearly plan
[2024-09-26T10:38:49.004Z] Redirecting to cosmetic menu to verify edit functionality
[2024-09-26T10:38:53.917Z] Adding a product
[2024-09-26T10:38:57.720Z] Product added successfully
[2024-09-26T10:38:59.214Z] on payment page, selecting yearly plan
[2024-09-26T10:38:59.293Z] on payment page, selecting mode for payment
[2024-09-26T10:39:07.202Z] on payment page, Payment via online mode
[2024-09-26T11:46:20.684Z] Redirecting to cosmetic menu to verify edit functionality
[2024-09-26T11:46:25.602Z] Adding a product
[2024-09-26T11:46:29.229Z] Product added successfully
[2024-09-26T11:46:31.592Z] on payment page, selecting yearly plan
[2024-09-26T11:46:31.652Z] on payment page, selecting mode for payment
[2024-09-26T11:46:36.194Z] on payment page, Payment via online mode
[2024-09-26T11:47:36.520Z] Redirecting to cosmetic menu to verify edit functionality
[2024-09-26T11:47:41.400Z] Adding a product
[2024-09-26T11:47:44.831Z] Product added successfully
[2024-09-26T11:47:45.282Z] on payment page, selecting yearly plan
[2024-09-26T12:55:25.641Z] Redirecting to cosmetic menu to verify edit functionality
[2024-09-26T12:55:34.574Z] Adding a product
[2024-09-27T06:26:44.692Z] Redirecting to cosmetic menu to verify edit functionality
[2024-09-27T06:26:50.360Z] Adding a product
[2024-09-27T06:26:53.794Z] Product added successfully
[2024-09-27T06:26:55.263Z] on payment page, selecting yearly plan
[2024-09-27T06:26:55.353Z] on payment page, selecting mode for payment
[2024-09-27T06:27:01.454Z] on payment page, Payment via online mode
[2024-09-27T07:49:36.539Z] Redirecting to cosmetic menu to verify edit functionality
[2024-09-27T07:49:44.785Z] Adding a product
[2024-09-27T07:49:48.631Z] Product added successfully
[2024-09-27T07:49:49.084Z] on payment page, selecting yearly plan
[2024-09-30T03:53:12.931Z] Redirecting to cosmetic menu to verify edit functionality
[2024-09-30T04:18:15.377Z] Redirecting to cosmetic menu to verify edit functionality
[2024-09-30T04:18:22.257Z] Adding a product
[2024-09-30T04:18:25.498Z] Product added successfully
[2024-09-30T04:18:26.819Z] on payment page, selecting yearly plan
[2024-09-30T04:18:26.882Z] on payment page, selecting mode for payment
[2024-09-30T04:18:31.458Z] on payment page, Payment via online mode
[2024-09-30T04:26:37.141Z] Redirecting to cosmetic menu to verify edit functionality
[2024-09-30T04:26:41.417Z] Adding a product
[2024-09-30T04:26:44.838Z] Product added successfully
[2024-09-30T04:26:46.253Z] on payment page, selecting yearly plan
[2024-09-30T04:26:46.314Z] on payment page, selecting mode for payment
[2024-09-30T04:26:50.130Z] on payment page, Payment via online mode
[2024-09-30T05:13:32.412Z] Redirecting to cosmetic menu to verify edit functionality
[2024-09-30T05:13:37.212Z] Adding a product
[2024-09-30T05:13:45.943Z] Product added successfully
[2024-09-30T05:13:46.529Z] on payment page, selecting yearly plan
[2024-09-30T13:47:20.020Z] Redirecting to cosmetic menu to verify edit functionality
[2024-09-30T13:47:26.498Z] Adding a product
[2024-09-30T13:47:31.440Z] Product added successfully
[2024-09-30T13:47:33.946Z] on payment page, selecting yearly plan
[2024-09-30T13:47:34.086Z] on payment page, selecting mode for payment
[2024-09-30T13:47:39.820Z] on payment page, Payment via online mode
[2024-09-30T13:53:06.367Z] Redirecting to cosmetic menu to verify edit functionality
[2024-09-30T13:53:11.734Z] Adding a product
[2024-10-01T06:03:59.338Z] Redirecting to cosmetic menu to verify edit functionality
[2024-10-01T06:04:07.846Z] Adding a product
[2024-10-01T06:04:17.891Z] Product added successfully
[2024-10-01T06:04:38.043Z] on payment page, selecting yearly plan
[2024-10-01T06:04:38.123Z] on payment page, selecting mode for payment
[2024-10-01T06:04:44.219Z] on payment page, Payment via online mode
[2024-10-01T06:17:17.066Z] Redirecting to cosmetic menu to verify edit functionality
[2024-10-01T06:17:21.653Z] Adding a product
[2024-10-01T06:17:25.149Z] Product added successfully
[2024-10-01T06:17:26.573Z] on payment page, selecting yearly plan
[2024-10-01T06:17:26.641Z] on payment page, selecting mode for payment
[2024-10-01T06:17:31.303Z] on payment page, Payment via online mode
[2024-10-01T07:34:54.698Z] Redirecting to cosmetic menu to verify edit functionality
[2024-10-01T07:35:02.531Z] Adding a product
[2024-10-01T13:38:08.526Z] Redirecting to cosmetic menu to verify edit functionality
[2024-10-01T13:38:12.315Z] Adding a product
[2024-10-01T13:38:15.816Z] Product added successfully
[2024-10-01T13:38:16.310Z] on payment page, selecting yearly plan
[2024-10-01T13:40:07.745Z] Redirecting to cosmetic menu to verify edit functionality
[2024-10-01T13:40:12.014Z] Adding a product
[2024-10-01T13:40:15.526Z] Product added successfully
[2024-10-01T13:40:17.557Z] on payment page, selecting yearly plan
[2024-10-01T13:40:17.628Z] on payment page, selecting mode for payment
[2024-10-01T13:40:22.745Z] on payment page, Payment via online mode
